2018-10-03 09:30:35,161 +0000 [localhost-startStop-1] INFO  (SessionListener.java:19) - SessionListener létrehozva
2018-10-03 09:31:57,001 +0000 [http-bio-8080-exec-2] FATAL (DAOHelper.java:194) - DAOHELPER.getUser() EntityManager is NULL! 
2018-10-03 09:31:57,001 +0000 [http-bio-8080-exec-2] DEBUG (AuthenticationLoginService.java:19) - CRMUser is null for: robert.rendek@gmail.com,cry1NT0wn
2018-10-03 09:31:57,001 +0000 [http-bio-8080-exec-2] DEBUG (LoginViewModel.java:26) - Rossz felhasználónév és jelszó.
2018-10-03 09:31:58,521 +0000 [http-bio-8080-exec-2] DEBUG (LoginViewModel.java:37) - Dialógusablak megváltozott.
2018-10-03 09:32:21,264 +0000 [http-bio-8080-exec-10] DEBUG (SessionListener.java:25) - Session -1 - létrejött: CD514BFD83FB3FE7A92FDCB21CE89118
2018-10-03 09:32:22,980 +0000 [http-bio-8080-exec-10] DEBUG (InitialAdminCreator.java:44) - Admin user létezik az adatbázisban.
2018-10-03 09:32:34,525 +0000 [http-bio-8080-exec-2] DEBUG (LoginViewModel.java:29) - Jó felhasználónév és jelszó.
2018-10-03 09:32:34,558 +0000 [http-bio-8080-exec-2] DEBUG (DAOHelper.java:66) - Összes ügyfél lekérdezése megtörtént
2018-10-03 09:32:34,558 +0000 [http-bio-8080-exec-2] DEBUG (DashboardViewModel.java:53) - Ügyfél illetve ügyféllista betöltve.
2018-10-03 09:32:34,830 +0000 [http-bio-8080-exec-2] DEBUG (DashboardViewModel.java:42) - User szerepkörrel rendelkezõ felhasználó kezdeti nézete betöltve
2018-10-03 09:32:34,830 +0000 [http-bio-8080-exec-2] DEBUG (DashboardViewModel.java:34) - A megjelenítõ képernyõ felbontása: 1745 x 854
2018-10-03 09:32:44,918 +0000 [http-bio-8080-exec-4] DEBUG (DashboardViewModel.java:70) - Tartalom oldal megváltozott.
2018-10-03 09:32:44,932 +0000 [http-bio-8080-exec-4] DEBUG (DAOHelper.java:211) - Összes jogosultság lekérdezése megtörtént
2018-10-03 09:32:44,951 +0000 [http-bio-8080-exec-4] DEBUG (DAOHelper.java:38) - Összes felhasználó lekérdezése megtörtént
2018-10-03 09:32:44,951 +0000 [http-bio-8080-exec-4] DEBUG (UsersViewModel.java:31) - Adatbázisból az adatok betöltõdtek.
2018-10-03 09:32:48,989 +0000 [http-bio-8080-exec-10] DEBUG (UsersViewModel.java:69) - Dialógusablak megváltozott.
2018-10-03 09:33:39,536 +0000 [http-bio-8080-exec-10] DEBUG (UsersViewModel.java:51) - Felhasználó módosítása sikeres volt.
2018-10-03 09:33:42,140 +0000 [http-bio-8080-exec-3] DEBUG (UsersViewModel.java:69) - Dialógusablak megváltozott.
2018-10-03 09:34:47,322 +0000 [http-bio-8080-exec-7] DEBUG (UsersViewModel.java:43) - Felhasználó mentése sikeres volt.
2018-10-03 09:35:08,317 +0000 [http-bio-8080-exec-3] DEBUG (DashboardViewModel.java:85) - A kiválasztott ügyfél adatai betöltõdtek.
2018-10-03 09:35:08,353 +0000 [http-bio-8080-exec-3] DEBUG (ProjectsViewModel.java:66) - Sikeres ügyfél beállítás
2018-10-03 09:35:08,389 +0000 [http-bio-8080-exec-3] DEBUG (DAOHelper.java:74) - Összes projekt lekérdezése megtörtént
2018-10-03 09:35:23,729 +0000 [http-bio-8080-exec-2] DEBUG (DashboardViewModel.java:77) - A kijelentkezés megtörtént.
2018-10-03 09:35:23,757 +0000 [http-bio-8080-exec-2] DEBUG (SessionListener.java:25) - Session -1 - létrejött: 9C090147DEBD34A57260337272BCA2D1
2018-10-03 09:35:23,904 +0000 [http-bio-8080-exec-2] DEBUG (InitialAdminCreator.java:44) - Admin user létezik az adatbázisban.
2018-10-03 09:35:33,518 +0000 [http-bio-8080-exec-7] DEBUG (LoginViewModel.java:29) - Jó felhasználónév és jelszó.
2018-10-03 09:35:33,534 +0000 [http-bio-8080-exec-7] DEBUG (DashboardViewModel.java:53) - Ügyfél illetve ügyféllista betöltve.
2018-10-03 09:35:34,165 +0000 [http-bio-8080-exec-7] DEBUG (DashboardViewModel.java:42) - User szerepkörrel rendelkezõ felhasználó kezdeti nézete betöltve
2018-10-03 09:35:34,165 +0000 [http-bio-8080-exec-7] DEBUG (DashboardViewModel.java:34) - A megjelenítõ képernyõ felbontása: 1745 x 854
2018-10-03 09:35:34,197 +0000 [http-bio-8080-exec-7] DEBUG (DAOHelper.java:74) - Összes projekt lekérdezése megtörtént
2018-10-03 09:35:58,690 +0000 [http-bio-8080-exec-10] DEBUG (DashboardViewModel.java:77) - A kijelentkezés megtörtént.
2018-10-03 09:35:58,713 +0000 [http-bio-8080-exec-10] DEBUG (SessionListener.java:25) - Session -1 - létrejött: CB41E5FFDB434D990B32BD57BCBFE107
2018-10-03 09:35:58,847 +0000 [http-bio-8080-exec-10] DEBUG (InitialAdminCreator.java:44) - Admin user létezik az adatbázisban.
2018-10-03 09:36:14,942 +0000 [http-bio-8080-exec-5] DEBUG (LoginViewModel.java:29) - Jó felhasználónév és jelszó.
2018-10-03 09:36:14,966 +0000 [http-bio-8080-exec-5] DEBUG (DAOHelper.java:66) - Összes ügyfél lekérdezése megtörtént
2018-10-03 09:36:14,966 +0000 [http-bio-8080-exec-5] DEBUG (DashboardViewModel.java:53) - Ügyfél illetve ügyféllista betöltve.
2018-10-03 09:36:15,086 +0000 [http-bio-8080-exec-5] DEBUG (DashboardViewModel.java:42) - User szerepkörrel rendelkezõ felhasználó kezdeti nézete betöltve
2018-10-03 09:36:15,087 +0000 [http-bio-8080-exec-5] DEBUG (DashboardViewModel.java:34) - A megjelenítõ képernyõ felbontása: 1745 x 854
2018-10-03 09:36:17,298 +0000 [http-bio-8080-exec-5] DEBUG (DashboardViewModel.java:70) - Tartalom oldal megváltozott.
2018-10-03 09:36:17,318 +0000 [http-bio-8080-exec-5] DEBUG (DAOHelper.java:66) - Összes ügyfél lekérdezése megtörtént
2018-10-03 09:36:17,318 +0000 [http-bio-8080-exec-5] DEBUG (CustomersViewModel.java:27) - Ügyfél lista betöltve.
2018-10-03 09:36:18,816 +0000 [http-bio-8080-exec-5] DEBUG (CustomersViewModel.java:45) - Dialógusablak megváltozott.
2018-10-03 09:36:45,810 +0000 [http-bio-8080-exec-4] DEBUG (CustomersViewModel.java:38) - Ügyfél mentése megtörtént
2018-10-03 09:36:45,813 +0000 [http-bio-8080-exec-4] DEBUG (DashboardViewModel.java:92) - Ügyfél hozzáadása megtörtént.
2018-10-03 09:36:49,935 +0000 [http-bio-8080-exec-4] DEBUG (DashboardViewModel.java:70) - Tartalom oldal megváltozott.
2018-10-03 09:36:49,940 +0000 [http-bio-8080-exec-4] DEBUG (DAOHelper.java:211) - Összes jogosultság lekérdezése megtörtént
2018-10-03 09:36:49,947 +0000 [http-bio-8080-exec-4] DEBUG (DAOHelper.java:38) - Összes felhasználó lekérdezése megtörtént
2018-10-03 09:36:49,947 +0000 [http-bio-8080-exec-4] DEBUG (UsersViewModel.java:31) - Adatbázisból az adatok betöltõdtek.
2018-10-03 09:36:53,300 +0000 [http-bio-8080-exec-6] DEBUG (UsersViewModel.java:69) - Dialógusablak megváltozott.
2018-10-03 09:36:58,967 +0000 [http-bio-8080-exec-6] DEBUG (UsersViewModel.java:51) - Felhasználó módosítása sikeres volt.
2018-10-03 09:37:01,438 +0000 [http-bio-8080-exec-6] DEBUG (UsersViewModel.java:69) - Dialógusablak megváltozott.
2018-10-03 09:37:05,978 +0000 [http-bio-8080-exec-2] DEBUG (UsersViewModel.java:51) - Felhasználó módosítása sikeres volt.
2018-10-03 09:37:15,918 +0000 [http-bio-8080-exec-8] DEBUG (DashboardViewModel.java:77) - A kijelentkezés megtörtént.
2018-10-03 09:37:15,938 +0000 [http-bio-8080-exec-8] DEBUG (SessionListener.java:25) - Session -1 - létrejött: 027B8BC1DC0BCFF9510B6CF630E2B43D
2018-10-03 09:37:16,061 +0000 [http-bio-8080-exec-8] DEBUG (InitialAdminCreator.java:44) - Admin user létezik az adatbázisban.
2018-10-03 09:37:38,578 +0000 [http-bio-8080-exec-3] DEBUG (LoginViewModel.java:29) - Jó felhasználónév és jelszó.
2018-10-03 09:37:38,602 +0000 [http-bio-8080-exec-3] DEBUG (DAOHelper.java:66) - Összes ügyfél lekérdezése megtörtént
2018-10-03 09:37:38,602 +0000 [http-bio-8080-exec-3] DEBUG (DashboardViewModel.java:53) - Ügyfél illetve ügyféllista betöltve.
2018-10-03 09:37:38,720 +0000 [http-bio-8080-exec-3] DEBUG (DashboardViewModel.java:42) - User szerepkörrel rendelkezõ felhasználó kezdeti nézete betöltve
2018-10-03 09:37:38,720 +0000 [http-bio-8080-exec-3] DEBUG (DashboardViewModel.java:34) - A megjelenítõ képernyõ felbontása: 1745 x 854
2018-10-03 09:37:41,815 +0000 [http-bio-8080-exec-3] DEBUG (DashboardViewModel.java:85) - A kiválasztott ügyfél adatai betöltõdtek.
2018-10-03 09:37:41,823 +0000 [http-bio-8080-exec-3] DEBUG (ProjectsViewModel.java:66) - Sikeres ügyfél beállítás
2018-10-03 09:37:41,853 +0000 [http-bio-8080-exec-3] DEBUG (DAOHelper.java:74) - Összes projekt lekérdezése megtörtént
2018-10-03 09:38:00,261 +0000 [http-bio-8080-exec-8] DEBUG (DashboardViewModel.java:77) - A kijelentkezés megtörtént.
2018-10-03 09:38:00,276 +0000 [http-bio-8080-exec-8] DEBUG (SessionListener.java:25) - Session -1 - létrejött: 11549F1478CC61C9FA0EE69E24A59E3A
2018-10-03 09:38:00,393 +0000 [http-bio-8080-exec-8] DEBUG (InitialAdminCreator.java:44) - Admin user létezik az adatbázisban.
2018-10-03 09:38:36,281 +0000 [http-bio-8080-exec-1] DEBUG (SessionListener.java:25) - Session -2 - létrejött: 96B4BE84339532668E5C2147ADC312EF
2018-10-03 09:38:36,400 +0000 [http-bio-8080-exec-1] DEBUG (InitialAdminCreator.java:44) - Admin user létezik az adatbázisban.
2018-10-03 09:39:23,777 +0000 [http-bio-8080-exec-4] DEBUG (LoginViewModel.java:29) - Jó felhasználónév és jelszó.
2018-10-03 09:39:23,802 +0000 [http-bio-8080-exec-4] DEBUG (DAOHelper.java:66) - Összes ügyfél lekérdezése megtörtént
2018-10-03 09:39:23,803 +0000 [http-bio-8080-exec-4] DEBUG (DashboardViewModel.java:53) - Ügyfél illetve ügyféllista betöltve.
2018-10-03 09:39:24,028 +0000 [http-bio-8080-exec-4] DEBUG (DashboardViewModel.java:42) - User szerepkörrel rendelkezõ felhasználó kezdeti nézete betöltve
2018-10-03 09:39:24,029 +0000 [http-bio-8080-exec-4] DEBUG (DashboardViewModel.java:34) - A megjelenítõ képernyõ felbontása: 1920 x 939
2018-10-03 09:39:26,499 +0000 [http-bio-8080-exec-9] DEBUG (DashboardViewModel.java:85) - A kiválasztott ügyfél adatai betöltõdtek.
2018-10-03 09:39:26,506 +0000 [http-bio-8080-exec-9] DEBUG (ProjectsViewModel.java:66) - Sikeres ügyfél beállítás
2018-10-03 09:39:26,532 +0000 [http-bio-8080-exec-9] DEBUG (DAOHelper.java:74) - Összes projekt lekérdezése megtörtént
2018-10-03 10:03:54,004 +0000 [http-bio-8080-exec-8] DEBUG (SessionListener.java:25) - Session -2 - létrejött: C7E86ECE8465F3B029647FEB5222780C
2018-10-03 10:03:54,123 +0000 [http-bio-8080-exec-8] DEBUG (InitialAdminCreator.java:44) - Admin user létezik az adatbázisban.
2018-10-03 10:04:48,341 +0000 [http-bio-8080-exec-4] DEBUG (LoginViewModel.java:29) - Jó felhasználónév és jelszó.
2018-10-03 10:04:48,367 +0000 [http-bio-8080-exec-4] DEBUG (DAOHelper.java:66) - Összes ügyfél lekérdezése megtörtént
2018-10-03 10:04:48,367 +0000 [http-bio-8080-exec-4] DEBUG (DashboardViewModel.java:53) - Ügyfél illetve ügyféllista betöltve.
2018-10-03 10:04:48,654 +0000 [http-bio-8080-exec-4] DEBUG (DashboardViewModel.java:42) - User szerepkörrel rendelkezõ felhasználó kezdeti nézete betöltve
2018-10-03 10:04:48,654 +0000 [http-bio-8080-exec-4] DEBUG (DashboardViewModel.java:34) - A megjelenítõ képernyõ felbontása: 1920 x 937
2018-10-03 10:04:58,187 +0000 [http-bio-8080-exec-4] DEBUG (DashboardViewModel.java:85) - A kiválasztott ügyfél adatai betöltõdtek.
2018-10-03 10:04:58,195 +0000 [http-bio-8080-exec-4] DEBUG (ProjectsViewModel.java:66) - Sikeres ügyfél beállítás
2018-10-03 10:04:58,222 +0000 [http-bio-8080-exec-4] DEBUG (DAOHelper.java:74) - Összes projekt lekérdezése megtörtént
2018-10-03 10:05:06,050 +0000 [http-bio-8080-exec-2] DEBUG (ProjectsViewModel.java:290) - Dialógus ablak megváltozott.
2018-10-03 10:05:12,134 +0000 [http-bio-8080-exec-4] DEBUG (ProjectsViewModel.java:80) - Sikeres projekt mentés
2018-10-03 10:05:19,105 +0000 [http-bio-8080-exec-2] DEBUG (ProjectsViewModel.java:318) - Új hozzászólás hozzáadása ablak aktív.
2018-10-03 10:05:24,070 +0000 [http-bio-8080-exec-2] DEBUG (ProjectsViewModel.java:261) - Új hozzászolás megszakítása.
2018-10-03 10:05:58,632 +0000 [http-bio-8080-exec-6] DEBUG (DAOHelper.java:66) - Összes ügyfél lekérdezése megtörtént
2018-10-03 10:05:58,632 +0000 [http-bio-8080-exec-6] DEBUG (DashboardViewModel.java:53) - Ügyfél illetve ügyféllista betöltve.
2018-10-03 10:06:09,542 +0000 [http-bio-8080-exec-5] DEBUG (DashboardViewModel.java:42) - User szerepkörrel rendelkezõ felhasználó kezdeti nézete betöltve
2018-10-03 10:06:09,543 +0000 [http-bio-8080-exec-5] DEBUG (DashboardViewModel.java:34) - A megjelenítõ képernyõ felbontása: 1920 x 981
2018-10-03 10:19:35,165 +0000 [http-bio-8080-exec-10] DEBUG (SessionListener.java:25) - Session -1 - létrejött: 91FA061B5916A6BF47EE2963973C6AC9
2018-10-03 10:19:35,286 +0000 [http-bio-8080-exec-10] DEBUG (InitialAdminCreator.java:44) - Admin user létezik az adatbázisban.
2018-10-03 10:19:53,124 +0000 [http-bio-8080-exec-4] DEBUG (LoginViewModel.java:29) - Jó felhasználónév és jelszó.
2018-10-03 10:19:53,144 +0000 [http-bio-8080-exec-4] DEBUG (DAOHelper.java:66) - Összes ügyfél lekérdezése megtörtént
2018-10-03 10:19:53,144 +0000 [http-bio-8080-exec-4] DEBUG (DashboardViewModel.java:53) - Ügyfél illetve ügyféllista betöltve.
2018-10-03 10:19:53,281 +0000 [http-bio-8080-exec-4] DEBUG (DashboardViewModel.java:42) - User szerepkörrel rendelkezõ felhasználó kezdeti nézete betöltve
2018-10-03 10:19:53,281 +0000 [http-bio-8080-exec-4] DEBUG (DashboardViewModel.java:34) - A megjelenítõ képernyõ felbontása: 1920 x 939
2018-10-03 10:19:55,594 +0000 [http-bio-8080-exec-4] DEBUG (DashboardViewModel.java:85) - A kiválasztott ügyfél adatai betöltõdtek.
2018-10-03 10:19:55,604 +0000 [http-bio-8080-exec-4] DEBUG (ProjectsViewModel.java:66) - Sikeres ügyfél beállítás
2018-10-03 10:19:55,631 +0000 [http-bio-8080-exec-4] DEBUG (DAOHelper.java:74) - Összes projekt lekérdezése megtörtént
2018-10-03 10:20:02,361 +0000 [http-bio-8080-exec-4] DEBUG (ProjectsViewModel.java:318) - Új hozzászólás hozzáadása ablak aktív.
2018-10-03 10:23:20,904 +0000 [http-bio-8080-exec-8] DEBUG (AttachmentHandler.java:142) - Fájl betöltése ideiglenes állományként almappába sikeres volt.
2018-10-03 10:23:20,945 +0000 [http-bio-8080-exec-8] DEBUG (AttachmentHandler.java:155) - A csatolmány betöltése sikeres volt a temp mappából.
2018-10-03 10:23:20,985 +0000 [http-bio-8080-exec-8] DEBUG (AttachmentHandler.java:175) - A csatolmány mentése sikeres volt az alábbi helyre:/minicrm/attachments/mkb_bank_zrt/darc2/5 mkb_bank_zrt/darc2/5/darc2.war
2018-10-03 10:23:20,989 +0000 [http-bio-8080-exec-8] DEBUG (AttachmentHandler.java:186) - A temp állomány törlése sikeres volt az alábbi helyrõl: /tmp/temp_darc2.war
2018-10-03 10:23:20,989 +0000 [http-bio-8080-exec-8] DEBUG (ProjectsViewModel.java:183) - Sikeres csatolmány mentés új hozzászóláshoz
2018-10-03 10:23:24,691 +0000 [http-bio-8080-exec-8] DEBUG (AttachmentHandler.java:142) - Fájl betöltése ideiglenes állományként almappába sikeres volt.
2018-10-03 10:23:24,691 +0000 [http-bio-8080-exec-8] DEBUG (AttachmentHandler.java:155) - A csatolmány betöltése sikeres volt a temp mappából.
2018-10-03 10:23:24,692 +0000 [http-bio-8080-exec-8] DEBUG (AttachmentHandler.java:175) - A csatolmány mentése sikeres volt az alábbi helyre:/minicrm/attachments/mkb_bank_zrt/darc2/5 mkb_bank_zrt/darc2/5/readme.txt
2018-10-03 10:23:24,692 +0000 [http-bio-8080-exec-8] DEBUG (AttachmentHandler.java:186) - A temp állomány törlése sikeres volt az alábbi helyrõl: /tmp/temp_readme.txt
2018-10-03 10:23:24,692 +0000 [http-bio-8080-exec-8] DEBUG (ProjectsViewModel.java:183) - Sikeres csatolmány mentés új hozzászóláshoz
2018-10-03 10:24:18,125 +0000 [http-bio-8080-exec-3] DEBUG (ProjectsViewModel.java:111) - Sikeres új hozzászólás mentés
2018-10-03 10:24:26,730 +0000 [http-bio-8080-exec-1] DEBUG (ProjectsViewModel.java:307) - Hozzászólás módosítása ablak aktív.
2018-10-03 10:24:32,781 +0000 [http-bio-8080-exec-4] DEBUG (ProjectsViewModel.java:283) - Hozzászólás módosításának megszakítása.
2018-10-03 10:28:19,050 +0000 [http-bio-8080-exec-9] DEBUG (ProjectsViewModel.java:307) - Hozzászólás módosítása ablak aktív.
2018-10-03 10:28:55,553 +0000 [http-bio-8080-exec-6] DEBUG (ProjectsViewModel.java:283) - Hozzászólás módosításának megszakítása.
2018-10-03 10:50:58,963 +0000 [http-bio-8080-exec-5] DEBUG (SessionListener.java:25) - Session -1 - létrejött: FA640FB3197A6C6BF3D06DAF2F0BEA0E
2018-10-03 10:50:59,090 +0000 [http-bio-8080-exec-5] DEBUG (InitialAdminCreator.java:44) - Admin user létezik az adatbázisban.
2018-10-03 11:10:31,880 +0000 [http-bio-8080-exec-2] DEBUG (LoginViewModel.java:29) - Jó felhasználónév és jelszó.
2018-10-03 11:10:31,914 +0000 [http-bio-8080-exec-2] DEBUG (DashboardViewModel.java:53) - Ügyfél illetve ügyféllista betöltve.
2018-10-03 11:10:32,282 +0000 [http-bio-8080-exec-3] DEBUG (DashboardViewModel.java:42) - User szerepkörrel rendelkezõ felhasználó kezdeti nézete betöltve
2018-10-03 11:10:32,282 +0000 [http-bio-8080-exec-3] DEBUG (DashboardViewModel.java:34) - A megjelenítõ képernyõ felbontása: 2133 x 1007
2018-10-03 11:10:32,309 +0000 [http-bio-8080-exec-3] DEBUG (DAOHelper.java:74) - Összes projekt lekérdezése megtörtént
2018-10-03 11:10:58,061 +0000 [http-bio-8080-exec-5] DEBUG (SessionListener.java:25) - Session -1 - létrejött: 4C6A90A35E5AC9994E356147EE487CB2
2018-10-03 11:10:58,171 +0000 [http-bio-8080-exec-5] DEBUG (InitialAdminCreator.java:44) - Admin user létezik az adatbázisban.
2018-10-03 11:12:07,020 +0000 [http-bio-8080-exec-10] DEBUG (LoginViewModel.java:29) - Jó felhasználónév és jelszó.
2018-10-03 11:12:07,052 +0000 [http-bio-8080-exec-10] DEBUG (DashboardViewModel.java:53) - Ügyfél illetve ügyféllista betöltve.
2018-10-03 11:12:07,878 +0000 [http-bio-8080-exec-2] DEBUG (DashboardViewModel.java:42) - User szerepkörrel rendelkezõ felhasználó kezdeti nézete betöltve
2018-10-03 11:12:07,878 +0000 [http-bio-8080-exec-2] DEBUG (DashboardViewModel.java:34) - A megjelenítõ képernyõ felbontása: 1920 x 907
2018-10-03 11:12:07,902 +0000 [http-bio-8080-exec-2] DEBUG (DAOHelper.java:74) - Összes projekt lekérdezése megtörtént
2018-10-03 11:12:50,502 +0000 [http-bio-8080-exec-6] DEBUG (ProjectsViewModel.java:307) - Hozzászólás módosítása ablak aktív.
2018-10-03 11:13:01,934 +0000 [http-bio-8080-exec-4] DEBUG (ProjectsViewModel.java:307) - Hozzászólás módosítása ablak aktív.
2018-10-03 11:13:42,500 +0000 [http-bio-8080-exec-3] DEBUG (AttachmentHandler.java:281) - Sikeres letöltés
2018-10-03 11:13:42,500 +0000 [http-bio-8080-exec-3] DEBUG (ProjectsViewModel.java:200) - A csatolmány sikeresen letöltõdött.
2018-10-03 11:14:06,677 +0000 [http-bio-8080-exec-7] DEBUG (ProjectsViewModel.java:131) - [darc2.war, readme.txt]
2018-10-03 11:14:06,678 +0000 [http-bio-8080-exec-7] DEBUG (ProjectsViewModel.java:134) - Sikeres hozzászólás módosítás
2018-10-03 11:14:10,336 +0000 [http-bio-8080-exec-7] DEBUG (AttachmentHandler.java:281) - Sikeres letöltés
2018-10-03 11:14:10,337 +0000 [http-bio-8080-exec-7] DEBUG (ProjectsViewModel.java:200) - A csatolmány sikeresen letöltõdött.
2018-10-03 11:14:14,746 +0000 [http-bio-8080-exec-9] DEBUG (AttachmentHandler.java:281) - Sikeres letöltés
2018-10-03 11:14:14,746 +0000 [http-bio-8080-exec-9] DEBUG (ProjectsViewModel.java:200) - A csatolmány sikeresen letöltõdött.
2018-10-03 11:14:15,437 +0000 [http-bio-8080-exec-4] DEBUG (ProjectsViewModel.java:307) - Hozzászólás módosítása ablak aktív.
2018-10-03 11:14:23,429 +0000 [http-bio-8080-exec-8] DEBUG (AttachmentHandler.java:281) - Sikeres letöltés
2018-10-03 11:14:23,429 +0000 [http-bio-8080-exec-8] DEBUG (ProjectsViewModel.java:200) - A csatolmány sikeresen letöltõdött.
2018-10-03 11:14:25,905 +0000 [http-bio-8080-exec-5] DEBUG (ProjectsViewModel.java:283) - Hozzászólás módosításának megszakítása.
2018-10-03 11:14:54,333 +0000 [http-bio-8080-exec-6] DEBUG (AttachmentHandler.java:281) - Sikeres letöltés
2018-10-03 11:14:54,334 +0000 [http-bio-8080-exec-6] DEBUG (ProjectsViewModel.java:200) - A csatolmány sikeresen letöltõdött.
2018-10-03 11:14:55,255 +0000 [http-bio-8080-exec-10] DEBUG (AttachmentHandler.java:281) - Sikeres letöltés
2018-10-03 11:14:55,255 +0000 [http-bio-8080-exec-10] DEBUG (ProjectsViewModel.java:200) - A csatolmány sikeresen letöltõdött.
2018-10-03 11:14:58,074 +0000 [http-bio-8080-exec-1] DEBUG (AttachmentHandler.java:281) - Sikeres letöltés
2018-10-03 11:14:58,074 +0000 [http-bio-8080-exec-1] DEBUG (ProjectsViewModel.java:200) - A csatolmány sikeresen letöltõdött.
2018-10-03 11:15:04,672 +0000 [http-bio-8080-exec-3] DEBUG (AttachmentHandler.java:281) - Sikeres letöltés
2018-10-03 11:15:04,673 +0000 [http-bio-8080-exec-3] DEBUG (ProjectsViewModel.java:200) - A csatolmány sikeresen letöltõdött.
2018-10-03 11:15:05,603 +0000 [http-bio-8080-exec-1] DEBUG (AttachmentHandler.java:281) - Sikeres letöltés
2018-10-03 11:15:05,603 +0000 [http-bio-8080-exec-1] DEBUG (ProjectsViewModel.java:200) - A csatolmány sikeresen letöltõdött.
2018-10-03 11:15:09,574 +0000 [http-bio-8080-exec-7] DEBUG (AttachmentHandler.java:281) - Sikeres letöltés
2018-10-03 11:15:09,574 +0000 [http-bio-8080-exec-7] DEBUG (ProjectsViewModel.java:200) - A csatolmány sikeresen letöltõdött.
2018-10-03 11:15:09,927 +0000 [http-bio-8080-exec-2] DEBUG (AttachmentHandler.java:281) - Sikeres letöltés
2018-10-03 11:15:09,927 +0000 [http-bio-8080-exec-2] DEBUG (ProjectsViewModel.java:200) - A csatolmány sikeresen letöltõdött.
2018-10-03 11:15:10,217 +0000 [http-bio-8080-exec-4] DEBUG (AttachmentHandler.java:281) - Sikeres letöltés
2018-10-03 11:15:10,217 +0000 [http-bio-8080-exec-4] DEBUG (ProjectsViewModel.java:200) - A csatolmány sikeresen letöltõdött.
2018-10-03 11:15:10,351 +0000 [http-bio-8080-exec-5] DEBUG (AttachmentHandler.java:281) - Sikeres letöltés
2018-10-03 11:15:10,351 +0000 [http-bio-8080-exec-5] DEBUG (ProjectsViewModel.java:200) - A csatolmány sikeresen letöltõdött.
2018-10-03 11:15:10,605 +0000 [http-bio-8080-exec-3] DEBUG (AttachmentHandler.java:281) - Sikeres letöltés
2018-10-03 11:15:10,605 +0000 [http-bio-8080-exec-3] DEBUG (ProjectsViewModel.java:200) - A csatolmány sikeresen letöltõdött.
2018-10-03 11:15:16,392 +0000 [http-bio-8080-exec-6] DEBUG (ProjectsViewModel.java:307) - Hozzászólás módosítása ablak aktív.
2018-10-03 11:15:22,339 +0000 [http-bio-8080-exec-7] DEBUG (AttachmentHandler.java:281) - Sikeres letöltés
2018-10-03 11:15:22,339 +0000 [http-bio-8080-exec-7] DEBUG (ProjectsViewModel.java:200) - A csatolmány sikeresen letöltõdött.
2018-10-03 11:15:24,007 +0000 [http-bio-8080-exec-6] DEBUG (AttachmentHandler.java:281) - Sikeres letöltés
2018-10-03 11:15:24,007 +0000 [http-bio-8080-exec-6] DEBUG (ProjectsViewModel.java:200) - A csatolmány sikeresen letöltõdött.
2018-10-03 11:15:25,628 +0000 [http-bio-8080-exec-3] DEBUG (AttachmentHandler.java:281) - Sikeres letöltés
2018-10-03 11:15:25,628 +0000 [http-bio-8080-exec-3] DEBUG (ProjectsViewModel.java:200) - A csatolmány sikeresen letöltõdött.
2018-10-03 11:15:46,122 +0000 [http-bio-8080-exec-9] DEBUG (AttachmentHandler.java:281) - Sikeres letöltés
2018-10-03 11:15:46,122 +0000 [http-bio-8080-exec-9] DEBUG (ProjectsViewModel.java:200) - A csatolmány sikeresen letöltõdött.
2018-10-03 11:15:53,948 +0000 [http-bio-8080-exec-2] DEBUG (AttachmentHandler.java:281) - Sikeres letöltés
2018-10-03 11:15:53,948 +0000 [http-bio-8080-exec-2] DEBUG (ProjectsViewModel.java:200) - A csatolmány sikeresen letöltõdött.
2018-10-03 11:15:55,090 +0000 [http-bio-8080-exec-7] DEBUG (AttachmentHandler.java:281) - Sikeres letöltés
2018-10-03 11:15:55,091 +0000 [http-bio-8080-exec-7] DEBUG (ProjectsViewModel.java:200) - A csatolmány sikeresen letöltõdött.
2018-10-03 11:15:55,897 +0000 [http-bio-8080-exec-4] DEBUG (AttachmentHandler.java:281) - Sikeres letöltés
2018-10-03 11:15:55,897 +0000 [http-bio-8080-exec-4] DEBUG (ProjectsViewModel.java:200) - A csatolmány sikeresen letöltõdött.
2018-10-03 11:15:56,499 +0000 [http-bio-8080-exec-12] DEBUG (AttachmentHandler.java:281) - Sikeres letöltés
2018-10-03 11:15:56,500 +0000 [http-bio-8080-exec-12] DEBUG (ProjectsViewModel.java:200) - A csatolmány sikeresen letöltõdött.
2018-10-03 11:15:56,777 +0000 [http-bio-8080-exec-5] DEBUG (AttachmentHandler.java:281) - Sikeres letöltés
2018-10-03 11:15:56,777 +0000 [http-bio-8080-exec-5] DEBUG (ProjectsViewModel.java:200) - A csatolmány sikeresen letöltõdött.
2018-10-03 11:15:56,778 +0000 [http-bio-8080-exec-5] DEBUG (AttachmentHandler.java:281) - Sikeres letöltés
2018-10-03 11:15:56,778 +0000 [http-bio-8080-exec-5] DEBUG (ProjectsViewModel.java:200) - A csatolmány sikeresen letöltõdött.
2018-10-03 11:15:57,056 +0000 [http-bio-8080-exec-12] DEBUG (AttachmentHandler.java:281) - Sikeres letöltés
2018-10-03 11:15:57,056 +0000 [http-bio-8080-exec-12] DEBUG (ProjectsViewModel.java:200) - A csatolmány sikeresen letöltõdött.
2018-10-03 11:16:22,129 +0000 [http-bio-8080-exec-2] DEBUG (AttachmentHandler.java:281) - Sikeres letöltés
2018-10-03 11:16:22,130 +0000 [http-bio-8080-exec-2] DEBUG (ProjectsViewModel.java:200) - A csatolmány sikeresen letöltõdött.
2018-10-03 11:17:14,483 +0000 [http-bio-8080-exec-8] DEBUG (AttachmentHandler.java:281) - Sikeres letöltés
2018-10-03 11:17:14,484 +0000 [http-bio-8080-exec-8] DEBUG (ProjectsViewModel.java:200) - A csatolmány sikeresen letöltõdött.
2018-10-03 11:17:15,327 +0000 [http-bio-8080-exec-11] DEBUG (AttachmentHandler.java:281) - Sikeres letöltés
2018-10-03 11:17:15,327 +0000 [http-bio-8080-exec-11] DEBUG (ProjectsViewModel.java:200) - A csatolmány sikeresen letöltõdött.
2018-10-03 11:17:24,837 +0000 [http-bio-8080-exec-3] DEBUG (ProjectsViewModel.java:131) - [darc2.war, readme.txt]
2018-10-03 11:17:24,839 +0000 [http-bio-8080-exec-3] DEBUG (ProjectsViewModel.java:134) - Sikeres hozzászólás módosítás
2018-10-03 11:17:30,034 +0000 [http-bio-8080-exec-13] DEBUG (ProjectsViewModel.java:307) - Hozzászólás módosítása ablak aktív.
2018-10-03 11:17:32,115 +0000 [http-bio-8080-exec-13] DEBUG (AttachmentHandler.java:281) - Sikeres letöltés
2018-10-03 11:17:32,115 +0000 [http-bio-8080-exec-13] DEBUG (ProjectsViewModel.java:200) - A csatolmány sikeresen letöltõdött.
2018-10-03 11:17:32,937 +0000 [http-bio-8080-exec-1] DEBUG (AttachmentHandler.java:281) - Sikeres letöltés
2018-10-03 11:17:32,938 +0000 [http-bio-8080-exec-1] DEBUG (ProjectsViewModel.java:200) - A csatolmány sikeresen letöltõdött.
2018-10-03 11:17:34,254 +0000 [http-bio-8080-exec-3] DEBUG (ProjectsViewModel.java:283) - Hozzászólás módosításának megszakítása.
2018-10-03 11:18:06,871 +0000 [http-bio-8080-exec-2] DEBUG (AttachmentHandler.java:281) - Sikeres letöltés
2018-10-03 11:18:06,872 +0000 [http-bio-8080-exec-2] DEBUG (ProjectsViewModel.java:200) - A csatolmány sikeresen letöltõdött.
2018-10-03 11:18:07,877 +0000 [http-bio-8080-exec-4] DEBUG (AttachmentHandler.java:281) - Sikeres letöltés
2018-10-03 11:18:07,877 +0000 [http-bio-8080-exec-4] DEBUG (ProjectsViewModel.java:200) - A csatolmány sikeresen letöltõdött.
2018-10-03 11:18:08,122 +0000 [http-bio-8080-exec-3] DEBUG (AttachmentHandler.java:281) - Sikeres letöltés
2018-10-03 11:18:08,122 +0000 [http-bio-8080-exec-3] DEBUG (ProjectsViewModel.java:200) - A csatolmány sikeresen letöltõdött.
2018-10-03 11:18:08,348 +0000 [http-bio-8080-exec-12] DEBUG (AttachmentHandler.java:281) - Sikeres letöltés
2018-10-03 11:18:08,348 +0000 [http-bio-8080-exec-12] DEBUG (ProjectsViewModel.java:200) - A csatolmány sikeresen letöltõdött.
2018-10-03 11:18:08,602 +0000 [http-bio-8080-exec-8] DEBUG (AttachmentHandler.java:281) - Sikeres letöltés
2018-10-03 11:18:08,602 +0000 [http-bio-8080-exec-8] DEBUG (ProjectsViewModel.java:200) - A csatolmány sikeresen letöltõdött.
2018-10-03 11:18:10,617 +0000 [http-bio-8080-exec-10] DEBUG (ProjectsViewModel.java:283) - Hozzászólás módosításának megszakítása.
2018-10-03 11:18:41,469 +0000 [http-bio-8080-exec-3] DEBUG (ProjectsViewModel.java:307) - Hozzászólás módosítása ablak aktív.
2018-10-03 11:18:44,570 +0000 [http-bio-8080-exec-3] DEBUG (AttachmentHandler.java:281) - Sikeres letöltés
2018-10-03 11:18:44,570 +0000 [http-bio-8080-exec-3] DEBUG (ProjectsViewModel.java:200) - A csatolmány sikeresen letöltõdött.
2018-10-03 11:18:48,146 +0000 [http-bio-8080-exec-3] DEBUG (AttachmentHandler.java:281) - Sikeres letöltés
2018-10-03 11:18:48,147 +0000 [http-bio-8080-exec-3] DEBUG (ProjectsViewModel.java:200) - A csatolmány sikeresen letöltõdött.
2018-10-03 11:41:03,792 +0000 [http-bio-8080-exec-13] DEBUG (SessionListener.java:25) - Session -2 - létrejött: AE77F15B3060C439967484FB76EB5549
2018-10-03 11:41:03,922 +0000 [http-bio-8080-exec-13] DEBUG (InitialAdminCreator.java:44) - Admin user létezik az adatbázisban.
2018-10-03 11:49:53,129 +0000 [http-bio-8080-exec-9] DEBUG (SessionListener.java:25) - Session -1 - létrejött: 724584A7B0B8F6686B8C4119E6690926
2018-10-03 11:49:53,244 +0000 [http-bio-8080-exec-9] DEBUG (InitialAdminCreator.java:44) - Admin user létezik az adatbázisban.
2018-10-03 11:50:38,601 +0000 [http-bio-8080-exec-2] DEBUG (AuthenticationLoginService.java:19) - CRMUser is null for: hegyesi.katalin@mkb.hu,hegyesikatalin
2018-10-03 11:50:38,602 +0000 [http-bio-8080-exec-2] DEBUG (LoginViewModel.java:26) - Rossz felhasználónév és jelszó.
2018-10-03 11:50:52,101 +0000 [http-bio-8080-exec-4] DEBUG (LoginViewModel.java:37) - Dialógusablak megváltozott.
2018-10-03 11:52:55,289 +0000 [http-bio-8080-exec-12] DEBUG (LoginViewModel.java:29) - Jó felhasználónév és jelszó.
2018-10-03 11:52:55,329 +0000 [http-bio-8080-exec-12] DEBUG (DashboardViewModel.java:53) - Ügyfél illetve ügyféllista betöltve.
2018-10-03 11:52:56,555 +0000 [http-bio-8080-exec-12] DEBUG (DashboardViewModel.java:42) - User szerepkörrel rendelkezõ felhasználó kezdeti nézete betöltve
2018-10-03 11:52:56,556 +0000 [http-bio-8080-exec-12] DEBUG (DashboardViewModel.java:34) - A megjelenítõ képernyõ felbontása: 1920 x 1025
2018-10-03 11:52:56,581 +0000 [http-bio-8080-exec-12] DEBUG (DAOHelper.java:74) - Összes projekt lekérdezése megtörtént
2018-10-03 11:53:15,994 +0000 [http-bio-8080-exec-8] DEBUG (ProjectsViewModel.java:307) - Hozzászólás módosítása ablak aktív.
2018-10-03 11:53:20,131 +0000 [http-bio-8080-exec-8] DEBUG (ProjectsViewModel.java:131) - [darc2.war, readme.txt]
2018-10-03 11:53:20,131 +0000 [http-bio-8080-exec-8] DEBUG (ProjectsViewModel.java:134) - Sikeres hozzászólás módosítás
2018-10-03 11:53:26,264 +0000 [http-bio-8080-exec-3] DEBUG (ProjectsViewModel.java:307) - Hozzászólás módosítása ablak aktív.
2018-10-03 11:53:33,030 +0000 [http-bio-8080-exec-8] DEBUG (AttachmentHandler.java:281) - Sikeres letöltés
2018-10-03 11:53:33,030 +0000 [http-bio-8080-exec-8] DEBUG (ProjectsViewModel.java:200) - A csatolmány sikeresen letöltõdött.
2018-10-03 11:53:34,702 +0000 [http-bio-8080-exec-3] DEBUG (AttachmentHandler.java:281) - Sikeres letöltés
2018-10-03 11:53:34,702 +0000 [http-bio-8080-exec-3] DEBUG (ProjectsViewModel.java:200) - A csatolmány sikeresen letöltõdött.
2018-10-03 11:53:46,101 +0000 [http-bio-8080-exec-12] DEBUG (AttachmentHandler.java:281) - Sikeres letöltés
2018-10-03 11:53:46,101 +0000 [http-bio-8080-exec-12] DEBUG (ProjectsViewModel.java:200) - A csatolmány sikeresen letöltõdött.
2018-10-03 11:56:39,478 +0000 [http-bio-8080-exec-2] DEBUG (ProjectsViewModel.java:283) - Hozzászólás módosításának megszakítása.
2018-10-03 11:56:52,332 +0000 [http-bio-8080-exec-2] DEBUG (SessionListener.java:25) - Session -2 - létrejött: 0D0D8C389A68B189E65A45DC93066C13
2018-10-03 11:56:52,460 +0000 [http-bio-8080-exec-2] DEBUG (InitialAdminCreator.java:44) - Admin user létezik az adatbázisban.
2018-10-03 11:57:14,080 +0000 [http-bio-8080-exec-3] DEBUG (AuthenticationLoginService.java:19) - CRMUser is null for: kalman.horvath@userrendszerhaz.hu,password
2018-10-03 11:57:14,081 +0000 [http-bio-8080-exec-3] DEBUG (LoginViewModel.java:26) - Rossz felhasználónév és jelszó.
2018-10-03 11:57:15,636 +0000 [http-bio-8080-exec-3] DEBUG (LoginViewModel.java:37) - Dialógusablak megváltozott.
2018-10-03 11:57:21,864 +0000 [http-bio-8080-exec-9] DEBUG (AuthenticationLoginService.java:19) - CRMUser is null for: kalman.horvath@userrendszerhaz.hu,10310652
2018-10-03 11:57:21,865 +0000 [http-bio-8080-exec-9] DEBUG (LoginViewModel.java:26) - Rossz felhasználónév és jelszó.
2018-10-03 11:57:23,422 +0000 [http-bio-8080-exec-9] DEBUG (LoginViewModel.java:37) - Dialógusablak megváltozott.
2018-10-03 11:58:32,232 +0000 [http-bio-8080-exec-2] DEBUG (AuthenticationLoginService.java:19) - CRMUser is null for: admin@admin.hu,password
2018-10-03 11:58:32,232 +0000 [http-bio-8080-exec-2] DEBUG (LoginViewModel.java:26) - Rossz felhasználónév és jelszó.
2018-10-03 11:59:53,234 +0000 [http-bio-8080-exec-13] DEBUG (LoginViewModel.java:37) - Dialógusablak megváltozott.
2018-10-03 12:00:09,336 +0000 [http-bio-8080-exec-1] DEBUG (LoginViewModel.java:29) - Jó felhasználónév és jelszó.
2018-10-03 12:00:09,361 +0000 [http-bio-8080-exec-1] DEBUG (DAOHelper.java:66) - Összes ügyfél lekérdezése megtörtént
2018-10-03 12:00:09,361 +0000 [http-bio-8080-exec-1] DEBUG (DashboardViewModel.java:53) - Ügyfél illetve ügyféllista betöltve.
2018-10-03 12:00:09,597 +0000 [http-bio-8080-exec-1] DEBUG (DashboardViewModel.java:42) - User szerepkörrel rendelkezõ felhasználó kezdeti nézete betöltve
2018-10-03 12:00:09,598 +0000 [http-bio-8080-exec-1] DEBUG (DashboardViewModel.java:34) - A megjelenítõ képernyõ felbontása: 1536 x 658
2018-10-03 12:00:13,764 +0000 [http-bio-8080-exec-1] DEBUG (DashboardViewModel.java:85) - A kiválasztott ügyfél adatai betöltõdtek.
2018-10-03 12:00:13,770 +0000 [http-bio-8080-exec-1] DEBUG (ProjectsViewModel.java:66) - Sikeres ügyfél beállítás
2018-10-03 12:00:13,794 +0000 [http-bio-8080-exec-1] DEBUG (DAOHelper.java:74) - Összes projekt lekérdezése megtörtént
2018-10-03 12:00:26,103 +0000 [http-bio-8080-exec-10] DEBUG (ProjectsViewModel.java:307) - Hozzászólás módosítása ablak aktív.
2018-10-03 12:00:34,716 +0000 [http-bio-8080-exec-2] DEBUG (AttachmentHandler.java:281) - Sikeres letöltés
2018-10-03 12:00:34,716 +0000 [http-bio-8080-exec-2] DEBUG (ProjectsViewModel.java:200) - A csatolmány sikeresen letöltõdött.
2018-10-03 12:00:58,747 +0000 [http-bio-8080-exec-9] DEBUG (ProjectsViewModel.java:283) - Hozzászólás módosításának megszakítása.
2018-10-03 12:01:03,777 +0000 [http-bio-8080-exec-9] DEBUG (DashboardViewModel.java:70) - Tartalom oldal megváltozott.
2018-10-03 12:01:03,781 +0000 [http-bio-8080-exec-9] DEBUG (DAOHelper.java:66) - Összes ügyfél lekérdezése megtörtént
2018-10-03 12:01:03,793 +0000 [http-bio-8080-exec-9] DEBUG (CustomersViewModel.java:27) - Ügyfél lista betöltve.
2018-10-03 12:01:20,045 +0000 [http-bio-8080-exec-8] DEBUG (DashboardViewModel.java:70) - Tartalom oldal megváltozott.
2018-10-03 12:01:20,050 +0000 [http-bio-8080-exec-8] DEBUG (DAOHelper.java:211) - Összes jogosultság lekérdezése megtörtént
2018-10-03 12:01:20,055 +0000 [http-bio-8080-exec-8] DEBUG (DAOHelper.java:38) - Összes felhasználó lekérdezése megtörtént
2018-10-03 12:01:20,055 +0000 [http-bio-8080-exec-8] DEBUG (UsersViewModel.java:31) - Adatbázisból az adatok betöltõdtek.
2018-10-03 12:01:49,857 +0000 [http-bio-8080-exec-1] DEBUG (DashboardViewModel.java:77) - A kijelentkezés megtörtént.
2018-10-03 12:01:49,883 +0000 [http-bio-8080-exec-1] DEBUG (SessionListener.java:25) - Session -2 - létrejött: 999CAA8BA93284DD38D7AD9BFE0E8D74
2018-10-03 12:01:49,999 +0000 [http-bio-8080-exec-1] DEBUG (InitialAdminCreator.java:44) - Admin user létezik az adatbázisban.
2018-10-03 12:02:23,086 +0000 [http-bio-8080-exec-3] DEBUG (LoginViewModel.java:29) - Jó felhasználónév és jelszó.
2018-10-03 12:02:23,106 +0000 [http-bio-8080-exec-3] DEBUG (DashboardViewModel.java:53) - Ügyfél illetve ügyféllista betöltve.
2018-10-03 12:02:23,322 +0000 [http-bio-8080-exec-3] DEBUG (DashboardViewModel.java:42) - User szerepkörrel rendelkezõ felhasználó kezdeti nézete betöltve
2018-10-03 12:02:23,322 +0000 [http-bio-8080-exec-3] DEBUG (DashboardViewModel.java:34) - A megjelenítõ képernyõ felbontása: 1536 x 658
2018-10-03 12:02:23,347 +0000 [http-bio-8080-exec-3] DEBUG (DAOHelper.java:74) - Összes projekt lekérdezése megtörtént
2018-10-03 12:02:28,221 +0000 [http-bio-8080-exec-3] DEBUG (ProjectsViewModel.java:307) - Hozzászólás módosítása ablak aktív.
2018-10-03 12:02:31,798 +0000 [http-bio-8080-exec-3] DEBUG (AttachmentHandler.java:281) - Sikeres letöltés
2018-10-03 12:02:31,798 +0000 [http-bio-8080-exec-3] DEBUG (ProjectsViewModel.java:200) - A csatolmány sikeresen letöltõdött.
2018-10-03 12:03:59,218 +0000 [http-bio-8080-exec-11] DEBUG (ProjectsViewModel.java:283) - Hozzászólás módosításának megszakítása.
2018-10-03 12:04:36,894 +0000 [http-bio-8080-exec-3] DEBUG (LoginViewModel.java:29) - Jó felhasználónév és jelszó.
2018-10-03 12:04:37,027 +0000 [http-bio-8080-exec-3] DEBUG (DashboardViewModel.java:53) - Ügyfél illetve ügyféllista betöltve.
2018-10-03 12:04:37,289 +0000 [http-bio-8080-exec-3] DEBUG (DashboardViewModel.java:42) - User szerepkörrel rendelkezõ felhasználó kezdeti nézete betöltve
2018-10-03 12:04:37,290 +0000 [http-bio-8080-exec-3] DEBUG (DashboardViewModel.java:34) - A megjelenítõ képernyõ felbontása: 1536 x 658
2018-10-03 12:04:37,293 +0000 [http-bio-8080-exec-3] DEBUG (DAOHelper.java:74) - Összes projekt lekérdezése megtörtént
2018-10-03 12:04:41,762 +0000 [http-bio-8080-exec-3] DEBUG (ProjectsViewModel.java:307) - Hozzászólás módosítása ablak aktív.
2018-10-03 12:04:45,510 +0000 [http-bio-8080-exec-3] DEBUG (AttachmentHandler.java:281) - Sikeres letöltés
2018-10-03 12:04:45,510 +0000 [http-bio-8080-exec-3] DEBUG (ProjectsViewModel.java:200) - A csatolmány sikeresen letöltõdött.
2018-10-03 12:05:38,862 +0000 [http-bio-8080-exec-1] DEBUG (ProjectsViewModel.java:283) - Hozzászólás módosításának megszakítása.
2018-10-03 12:08:26,994 +0000 [http-bio-8080-exec-2] DEBUG (DashboardViewModel.java:77) - A kijelentkezés megtörtént.
2018-10-03 12:08:27,015 +0000 [http-bio-8080-exec-2] DEBUG (SessionListener.java:25) - Session -2 - létrejött: 5DC2D36AE550B5438583A1C76D633126
2018-10-03 12:08:27,126 +0000 [http-bio-8080-exec-2] DEBUG (InitialAdminCreator.java:44) - Admin user létezik az adatbázisban.
2018-10-03 12:12:45,686 +0000 [http-bio-8080-exec-8] DEBUG (SessionListener.java:25) - Session -2 - létrejött: E974D2B1BEEB1A54A23DA671DF225F10
2018-10-03 12:12:45,812 +0000 [http-bio-8080-exec-8] DEBUG (InitialAdminCreator.java:44) - Admin user létezik az adatbázisban.
2018-10-03 12:12:57,656 +0000 [http-bio-8080-exec-8] DEBUG (LoginViewModel.java:29) - Jó felhasználónév és jelszó.
2018-10-03 12:12:57,702 +0000 [http-bio-8080-exec-8] DEBUG (DAOHelper.java:66) - Összes ügyfél lekérdezése megtörtént
2018-10-03 12:12:57,702 +0000 [http-bio-8080-exec-8] DEBUG (DashboardViewModel.java:53) - Ügyfél illetve ügyféllista betöltve.
2018-10-03 12:12:58,032 +0000 [http-bio-8080-exec-9] DEBUG (DashboardViewModel.java:42) - User szerepkörrel rendelkezõ felhasználó kezdeti nézete betöltve
2018-10-03 12:12:58,033 +0000 [http-bio-8080-exec-9] DEBUG (DashboardViewModel.java:34) - A megjelenítõ képernyõ felbontása: 1920 x 1054
2018-10-03 12:13:02,129 +0000 [http-bio-8080-exec-8] DEBUG (DashboardViewModel.java:85) - A kiválasztott ügyfél adatai betöltõdtek.
2018-10-03 12:13:02,135 +0000 [http-bio-8080-exec-8] DEBUG (ProjectsViewModel.java:66) - Sikeres ügyfél beállítás
2018-10-03 12:13:02,163 +0000 [http-bio-8080-exec-8] DEBUG (DAOHelper.java:74) - Összes projekt lekérdezése megtörtént
2018-10-03 12:13:07,162 +0000 [http-bio-8080-exec-9] DEBUG (ProjectsViewModel.java:307) - Hozzászólás módosítása ablak aktív.
2018-10-03 12:13:09,903 +0000 [http-bio-8080-exec-9] DEBUG (AttachmentHandler.java:281) - Sikeres letöltés
2018-10-03 12:13:09,904 +0000 [http-bio-8080-exec-9] DEBUG (ProjectsViewModel.java:200) - A csatolmány sikeresen letöltõdött.
2018-10-03 12:13:13,388 +0000 [http-bio-8080-exec-8] DEBUG (DashboardViewModel.java:42) - User szerepkörrel rendelkezõ felhasználó kezdeti nézete betöltve
2018-10-03 12:13:13,389 +0000 [http-bio-8080-exec-8] DEBUG (DashboardViewModel.java:34) - A megjelenítõ képernyõ felbontása: 1920 x 1005
2018-10-03 12:36:26,934 +0000 [http-bio-8080-exec-4] DEBUG (DashboardViewModel.java:42) - User szerepkörrel rendelkezõ felhasználó kezdeti nézete betöltve
2018-10-03 12:36:26,934 +0000 [http-bio-8080-exec-4] DEBUG (DashboardViewModel.java:34) - A megjelenítõ képernyõ felbontása: 1920 x 1054
2018-10-03 12:36:28,599 +0000 [http-bio-8080-exec-4] DEBUG (ProjectsViewModel.java:283) - Hozzászólás módosításának megszakítása.
2018-10-03 12:44:19,623 +0000 [http-bio-8080-exec-13] DEBUG (SessionListener.java:25) - Session -1 - létrejött: 00A1A381EA395904CDA4692D44569D54
2018-10-03 12:44:19,737 +0000 [http-bio-8080-exec-13] DEBUG (InitialAdminCreator.java:44) - Admin user létezik az adatbázisban.
2018-10-03 13:20:31,137 +0000 [http-bio-8080-exec-11] DEBUG (SessionListener.java:25) - Session -0 - létrejött: EFD5B43D72BFD2D8412BFCF9E2183558
2018-10-03 13:20:31,244 +0000 [http-bio-8080-exec-11] DEBUG (InitialAdminCreator.java:44) - Admin user létezik az adatbázisban.
2018-10-03 13:21:12,262 +0000 [http-bio-8080-exec-12] DEBUG (LoginViewModel.java:29) - Jó felhasználónév és jelszó.
2018-10-03 13:21:12,299 +0000 [http-bio-8080-exec-12] DEBUG (DashboardViewModel.java:53) - Ügyfél illetve ügyféllista betöltve.
2018-10-03 13:21:12,663 +0000 [http-bio-8080-exec-12] DEBUG (DashboardViewModel.java:42) - User szerepkörrel rendelkezõ felhasználó kezdeti nézete betöltve
2018-10-03 13:21:12,664 +0000 [http-bio-8080-exec-12] DEBUG (DashboardViewModel.java:34) - A megjelenítõ képernyõ felbontása: 2133 x 1007
2018-10-03 13:21:12,686 +0000 [http-bio-8080-exec-12] DEBUG (DAOHelper.java:74) - Összes projekt lekérdezése megtörtént
2018-10-03 13:21:18,822 +0000 [http-bio-8080-exec-12] DEBUG (ProjectsViewModel.java:307) - Hozzászólás módosítása ablak aktív.
2018-10-03 13:21:24,171 +0000 [http-bio-8080-exec-9] DEBUG (AttachmentHandler.java:281) - Sikeres letöltés
2018-10-03 13:21:24,171 +0000 [http-bio-8080-exec-9] DEBUG (ProjectsViewModel.java:200) - A csatolmány sikeresen letöltõdött.
2018-10-04 07:03:56,586 +0000 [http-bio-8080-exec-2] DEBUG (SessionListener.java:25) - Session -0 - létrejött: 7C1CCE7416B6A5C4BA7799DFB503E303
2018-10-04 07:03:56,715 +0000 [http-bio-8080-exec-2] DEBUG (InitialAdminCreator.java:44) - Admin user létezik az adatbázisban.
2018-10-04 07:04:46,214 +0000 [http-bio-8080-exec-3] DEBUG (LoginViewModel.java:29) - Jó felhasználónév és jelszó.
2018-10-04 07:04:46,245 +0000 [http-bio-8080-exec-3] DEBUG (DashboardViewModel.java:53) - Ügyfél illetve ügyféllista betöltve.
2018-10-04 07:04:46,568 +0000 [http-bio-8080-exec-3] DEBUG (DashboardViewModel.java:42) - User szerepkörrel rendelkezõ felhasználó kezdeti nézete betöltve
2018-10-04 07:04:46,568 +0000 [http-bio-8080-exec-3] DEBUG (DashboardViewModel.java:34) - A megjelenítõ képernyõ felbontása: 1920 x 907
2018-10-04 07:04:46,592 +0000 [http-bio-8080-exec-3] DEBUG (DAOHelper.java:74) - Összes projekt lekérdezése megtörtént
2018-10-04 07:05:23,039 +0000 [http-bio-8080-exec-12] DEBUG (ProjectsViewModel.java:307) - Hozzászólás módosítása ablak aktív.
2018-10-04 07:05:25,353 +0000 [http-bio-8080-exec-12] DEBUG (AttachmentHandler.java:281) - Sikeres letöltés
2018-10-04 07:05:25,353 +0000 [http-bio-8080-exec-12] DEBUG (ProjectsViewModel.java:200) - A csatolmány sikeresen letöltõdött.
2018-10-04 07:05:26,587 +0000 [http-bio-8080-exec-2] DEBUG (AttachmentHandler.java:281) - Sikeres letöltés
2018-10-04 07:05:26,587 +0000 [http-bio-8080-exec-2] DEBUG (ProjectsViewModel.java:200) - A csatolmány sikeresen letöltõdött.
2018-10-04 07:05:35,274 +0000 [http-bio-8080-exec-3] DEBUG (AttachmentHandler.java:281) - Sikeres letöltés
2018-10-04 07:05:35,274 +0000 [http-bio-8080-exec-3] DEBUG (ProjectsViewModel.java:200) - A csatolmány sikeresen letöltõdött.
2018-10-04 07:05:41,894 +0000 [http-bio-8080-exec-1] DEBUG (AttachmentHandler.java:281) - Sikeres letöltés
2018-10-04 07:05:41,894 +0000 [http-bio-8080-exec-1] DEBUG (ProjectsViewModel.java:200) - A csatolmány sikeresen letöltõdött.
2018-10-04 07:05:42,746 +0000 [http-bio-8080-exec-13] DEBUG (AttachmentHandler.java:281) - Sikeres letöltés
2018-10-04 07:05:42,746 +0000 [http-bio-8080-exec-13] DEBUG (ProjectsViewModel.java:200) - A csatolmány sikeresen letöltõdött.
2018-10-04 07:05:43,525 +0000 [http-bio-8080-exec-12] DEBUG (AttachmentHandler.java:281) - Sikeres letöltés
2018-10-04 07:05:43,526 +0000 [http-bio-8080-exec-12] DEBUG (ProjectsViewModel.java:200) - A csatolmány sikeresen letöltõdött.
2018-10-04 07:05:43,761 +0000 [http-bio-8080-exec-8] DEBUG (AttachmentHandler.java:281) - Sikeres letöltés
2018-10-04 07:05:43,761 +0000 [http-bio-8080-exec-8] DEBUG (ProjectsViewModel.java:200) - A csatolmány sikeresen letöltõdött.
2018-10-04 07:05:44,051 +0000 [http-bio-8080-exec-9] DEBUG (AttachmentHandler.java:281) - Sikeres letöltés
2018-10-04 07:05:44,052 +0000 [http-bio-8080-exec-9] DEBUG (ProjectsViewModel.java:200) - A csatolmány sikeresen letöltõdött.
2018-10-04 07:06:52,115 +0000 [http-bio-8080-exec-1] DEBUG (ProjectsViewModel.java:283) - Hozzászólás módosításának megszakítása.
2018-10-04 08:18:47,598 +0000 [http-bio-8080-exec-8] DEBUG (SessionListener.java:25) - Session -0 - létrejött: 57217769245D3C88E038B3FEB66098B2
2018-10-04 08:18:47,708 +0000 [http-bio-8080-exec-8] DEBUG (InitialAdminCreator.java:44) - Admin user létezik az adatbázisban.
2018-10-04 08:29:02,367 +0000 [http-bio-8080-exec-13] DEBUG (SessionListener.java:25) - Session -1 - létrejött: E29BC11360C17BB2AD56A850A0D61491
2018-10-04 08:29:02,477 +0000 [http-bio-8080-exec-13] DEBUG (InitialAdminCreator.java:44) - Admin user létezik az adatbázisban.
2018-10-04 08:50:44,825 +0000 [http-bio-8080-exec-9] DEBUG (AuthenticationLoginService.java:19) - CRMUser is null for: ferenc.schnellbach@userrendszerhaz.hu,cry1NT0wn+
2018-10-04 08:50:44,825 +0000 [http-bio-8080-exec-9] DEBUG (LoginViewModel.java:26) - Rossz felhasználónév és jelszó.
2018-10-04 08:50:46,805 +0000 [http-bio-8080-exec-9] DEBUG (LoginViewModel.java:37) - Dialógusablak megváltozott.
2018-10-04 08:51:09,695 +0000 [http-bio-8080-exec-1] DEBUG (LoginViewModel.java:29) - Jó felhasználónév és jelszó.
2018-10-04 08:51:09,768 +0000 [http-bio-8080-exec-1] DEBUG (DAOHelper.java:66) - Összes ügyfél lekérdezése megtörtént
2018-10-04 08:51:09,768 +0000 [http-bio-8080-exec-1] DEBUG (DashboardViewModel.java:53) - Ügyfél illetve ügyféllista betöltve.
2018-10-04 08:51:10,443 +0000 [http-bio-8080-exec-12] DEBUG (DashboardViewModel.java:42) - User szerepkörrel rendelkezõ felhasználó kezdeti nézete betöltve
2018-10-04 08:51:10,443 +0000 [http-bio-8080-exec-12] DEBUG (DashboardViewModel.java:34) - A megjelenítõ képernyõ felbontása: 936 x 921
2018-10-04 08:51:20,683 +0000 [http-bio-8080-exec-3] DEBUG (DashboardViewModel.java:85) - A kiválasztott ügyfél adatai betöltõdtek.
2018-10-04 08:51:20,689 +0000 [http-bio-8080-exec-3] DEBUG (ProjectsViewModel.java:66) - Sikeres ügyfél beállítás
2018-10-04 08:51:20,710 +0000 [http-bio-8080-exec-3] DEBUG (DAOHelper.java:74) - Összes projekt lekérdezése megtörtént
2018-10-04 08:51:46,624 +0000 [http-bio-8080-exec-2] DEBUG (ProjectsViewModel.java:318) - Új hozzászólás hozzáadása ablak aktív.
2018-10-04 08:53:34,677 +0000 [http-bio-8080-exec-10] DEBUG (AttachmentHandler.java:142) - Fájl betöltése ideiglenes állományként almappába sikeres volt.
2018-10-04 08:53:34,678 +0000 [http-bio-8080-exec-10] DEBUG (AttachmentHandler.java:155) - A csatolmány betöltése sikeres volt a temp mappából.
2018-10-04 08:53:34,678 +0000 [http-bio-8080-exec-10] DEBUG (AttachmentHandler.java:175) - A csatolmány mentése sikeres volt az alábbi helyre:/minicrm/attachments/budapest_bank/psd2/6 budapest_bank/psd2/6/GW szolgaltatasok.xlsx
2018-10-04 08:53:34,678 +0000 [http-bio-8080-exec-10] DEBUG (AttachmentHandler.java:186) - A temp állomány törlése sikeres volt az alábbi helyrõl: /tmp/temp_GW szolgaltatasok.xlsx
2018-10-04 08:53:34,679 +0000 [http-bio-8080-exec-10] DEBUG (ProjectsViewModel.java:183) - Sikeres csatolmány mentés új hozzászóláshoz
2018-10-04 08:53:42,891 +0000 [http-bio-8080-exec-4] DEBUG (ProjectsViewModel.java:111) - Sikeres új hozzászólás mentés
2018-10-04 08:56:07,118 +0000 [http-bio-8080-exec-2] DEBUG (ProjectsViewModel.java:318) - Új hozzászólás hozzáadása ablak aktív.
2018-10-04 08:56:17,884 +0000 [http-bio-8080-exec-2] DEBUG (AttachmentHandler.java:142) - Fájl betöltése ideiglenes állományként almappába sikeres volt.
2018-10-04 08:56:17,884 +0000 [http-bio-8080-exec-2] DEBUG (AttachmentHandler.java:155) - A csatolmány betöltése sikeres volt a temp mappából.
2018-10-04 08:56:17,884 +0000 [http-bio-8080-exec-2] DEBUG (AttachmentHandler.java:175) - A csatolmány mentése sikeres volt az alábbi helyre:/minicrm/attachments/budapest_bank/psd2/7 budapest_bank/psd2/7/psd2 mapping.xlsx
2018-10-04 08:56:17,884 +0000 [http-bio-8080-exec-2] DEBUG (AttachmentHandler.java:186) - A temp állomány törlése sikeres volt az alábbi helyrõl: /tmp/temp_psd2 mapping.xlsx
2018-10-04 08:56:17,885 +0000 [http-bio-8080-exec-2] DEBUG (ProjectsViewModel.java:183) - Sikeres csatolmány mentés új hozzászóláshoz
2018-10-04 08:56:27,563 +0000 [http-bio-8080-exec-12] DEBUG (ProjectsViewModel.java:111) - Sikeres új hozzászólás mentés
2018-10-04 08:58:03,001 +0000 [http-bio-8080-exec-1] DEBUG (SessionListener.java:25) - Session -1 - létrejött: 4F25FDD0D3C01F60409822B5BF675E66
2018-10-04 08:58:03,111 +0000 [http-bio-8080-exec-1] DEBUG (InitialAdminCreator.java:44) - Admin user létezik az adatbázisban.
2018-10-04 09:00:49,983 +0000 [http-bio-8080-exec-12] DEBUG (LoginViewModel.java:29) - Jó felhasználónév és jelszó.
2018-10-04 09:00:50,067 +0000 [http-bio-8080-exec-12] DEBUG (DAOHelper.java:66) - Összes ügyfél lekérdezése megtörtént
2018-10-04 09:00:50,068 +0000 [http-bio-8080-exec-12] DEBUG (DashboardViewModel.java:53) - Ügyfél illetve ügyféllista betöltve.
2018-10-04 09:00:51,512 +0000 [http-bio-8080-exec-2] DEBUG (DashboardViewModel.java:42) - User szerepkörrel rendelkezõ felhasználó kezdeti nézete betöltve
2018-10-04 09:00:51,512 +0000 [http-bio-8080-exec-2] DEBUG (DashboardViewModel.java:34) - A megjelenítõ képernyõ felbontása: 1536 x 784
2018-10-04 09:00:58,647 +0000 [http-bio-8080-exec-13] DEBUG (DashboardViewModel.java:85) - A kiválasztott ügyfél adatai betöltõdtek.
2018-10-04 09:00:58,652 +0000 [http-bio-8080-exec-13] DEBUG (ProjectsViewModel.java:66) - Sikeres ügyfél beállítás
2018-10-04 09:00:58,673 +0000 [http-bio-8080-exec-13] DEBUG (DAOHelper.java:74) - Összes projekt lekérdezése megtörtént
2018-10-04 09:01:10,483 +0000 [http-bio-8080-exec-2] DEBUG (ProjectsViewModel.java:307) - Hozzászólás módosítása ablak aktív.
2018-10-04 09:01:15,175 +0000 [http-bio-8080-exec-2] DEBUG (AttachmentHandler.java:229) - A csatolmányok tömörítése .zip formátumba megtörtént.
2018-10-04 09:01:15,176 +0000 [http-bio-8080-exec-2] DEBUG (AttachmentHandler.java:254) - Sikeres letöltés
2018-10-04 09:01:15,176 +0000 [http-bio-8080-exec-2] DEBUG (ProjectsViewModel.java:194) - A csatolmányok sikeresen letöltõdtek.
2018-10-04 09:01:54,020 +0000 [http-bio-8080-exec-3] DEBUG (ProjectsViewModel.java:283) - Hozzászólás módosításának megszakítása.
2018-10-04 09:02:04,440 +0000 [http-bio-8080-exec-3] DEBUG (ProjectsViewModel.java:307) - Hozzászólás módosítása ablak aktív.
2018-10-04 09:02:09,086 +0000 [http-bio-8080-exec-3] DEBUG (AttachmentHandler.java:281) - Sikeres letöltés
2018-10-04 09:02:09,086 +0000 [http-bio-8080-exec-3] DEBUG (ProjectsViewModel.java:200) - A csatolmány sikeresen letöltõdött.
2018-10-04 09:02:16,714 +0000 [http-bio-8080-exec-3] DEBUG (ProjectsViewModel.java:283) - Hozzászólás módosításának megszakítása.
2018-10-04 09:02:24,490 +0000 [http-bio-8080-exec-3] DEBUG (ProjectsViewModel.java:307) - Hozzászólás módosítása ablak aktív.
2018-10-04 09:02:26,903 +0000 [http-bio-8080-exec-3] DEBUG (AttachmentHandler.java:281) - Sikeres letöltés
2018-10-04 09:02:26,903 +0000 [http-bio-8080-exec-3] DEBUG (ProjectsViewModel.java:200) - A csatolmány sikeresen letöltõdött.
2018-10-04 09:08:03,474 +0000 [http-bio-8080-exec-12] DEBUG (ProjectsViewModel.java:318) - Új hozzászólás hozzáadása ablak aktív.
2018-10-04 09:08:43,671 +0000 [http-bio-8080-exec-4] DEBUG (AttachmentHandler.java:142) - Fájl betöltése ideiglenes állományként almappába sikeres volt.
2018-10-04 09:08:43,671 +0000 [http-bio-8080-exec-4] DEBUG (AttachmentHandler.java:155) - A csatolmány betöltése sikeres volt a temp mappából.
2018-10-04 09:08:43,672 +0000 [http-bio-8080-exec-4] DEBUG (AttachmentHandler.java:175) - A csatolmány mentése sikeres volt az alábbi helyre:/minicrm/attachments/budapest_bank/psd2/8 budapest_bank/psd2/8/initiateCreditTransfer_req.xml
2018-10-04 09:08:43,672 +0000 [http-bio-8080-exec-4] DEBUG (AttachmentHandler.java:186) - A temp állomány törlése sikeres volt az alábbi helyrõl: /tmp/temp_initiateCreditTransfer_req.xml
2018-10-04 09:08:43,672 +0000 [http-bio-8080-exec-4] DEBUG (ProjectsViewModel.java:183) - Sikeres csatolmány mentés új hozzászóláshoz
2018-10-04 09:08:48,103 +0000 [http-bio-8080-exec-4] DEBUG (AttachmentHandler.java:142) - Fájl betöltése ideiglenes állományként almappába sikeres volt.
2018-10-04 09:08:48,103 +0000 [http-bio-8080-exec-4] DEBUG (AttachmentHandler.java:155) - A csatolmány betöltése sikeres volt a temp mappából.
2018-10-04 09:08:48,104 +0000 [http-bio-8080-exec-4] DEBUG (AttachmentHandler.java:175) - A csatolmány mentése sikeres volt az alábbi helyre:/minicrm/attachments/budapest_bank/psd2/8 budapest_bank/psd2/8/initiateCreditTransfer_resp.xml
2018-10-04 09:08:48,104 +0000 [http-bio-8080-exec-4] DEBUG (AttachmentHandler.java:186) - A temp állomány törlése sikeres volt az alábbi helyrõl: /tmp/temp_initiateCreditTransfer_resp.xml
2018-10-04 09:08:48,104 +0000 [http-bio-8080-exec-4] DEBUG (ProjectsViewModel.java:183) - Sikeres csatolmány mentés új hozzászóláshoz
2018-10-04 09:09:03,623 +0000 [http-bio-8080-exec-4] DEBUG (ProjectsViewModel.java:111) - Sikeres új hozzászólás mentés
2018-10-04 09:13:54,876 +0000 [http-bio-8080-exec-2] DEBUG (SessionListener.java:25) - Session -2 - létrejött: 688F84E376CDA420C78DE9D21FBF39CB
2018-10-04 09:13:54,980 +0000 [http-bio-8080-exec-2] DEBUG (InitialAdminCreator.java:44) - Admin user létezik az adatbázisban.
2018-10-04 09:13:57,890 +0000 [http-bio-8080-exec-10] DEBUG (LoginViewModel.java:29) - Jó felhasználónév és jelszó.
2018-10-04 09:13:57,962 +0000 [http-bio-8080-exec-10] DEBUG (DAOHelper.java:66) - Összes ügyfél lekérdezése megtörtént
2018-10-04 09:13:57,963 +0000 [http-bio-8080-exec-10] DEBUG (DashboardViewModel.java:53) - Ügyfél illetve ügyféllista betöltve.
2018-10-04 09:13:58,272 +0000 [http-bio-8080-exec-12] DEBUG (DashboardViewModel.java:42) - User szerepkörrel rendelkezõ felhasználó kezdeti nézete betöltve
2018-10-04 09:13:58,272 +0000 [http-bio-8080-exec-12] DEBUG (DashboardViewModel.java:34) - A megjelenítõ képernyõ felbontása: 1920 x 899
2018-10-04 09:14:02,474 +0000 [http-bio-8080-exec-2] DEBUG (DashboardViewModel.java:85) - A kiválasztott ügyfél adatai betöltõdtek.
2018-10-04 09:14:02,480 +0000 [http-bio-8080-exec-2] DEBUG (ProjectsViewModel.java:66) - Sikeres ügyfél beállítás
2018-10-04 09:14:02,503 +0000 [http-bio-8080-exec-2] DEBUG (DAOHelper.java:74) - Összes projekt lekérdezése megtörtént
2018-10-04 09:14:14,532 +0000 [http-bio-8080-exec-2] DEBUG (ProjectsViewModel.java:307) - Hozzászólás módosítása ablak aktív.
2018-10-04 09:14:19,934 +0000 [http-bio-8080-exec-2] DEBUG (AttachmentHandler.java:281) - Sikeres letöltés
2018-10-04 09:14:19,934 +0000 [http-bio-8080-exec-2] DEBUG (ProjectsViewModel.java:200) - A csatolmány sikeresen letöltõdött.
2018-10-04 09:14:32,416 +0000 [http-bio-8080-exec-2] DEBUG (ProjectsViewModel.java:283) - Hozzászólás módosításának megszakítása.
2018-10-04 09:14:36,453 +0000 [http-bio-8080-exec-2] DEBUG (ProjectsViewModel.java:307) - Hozzászólás módosítása ablak aktív.
2018-10-04 09:14:42,109 +0000 [http-bio-8080-exec-2] DEBUG (AttachmentHandler.java:281) - Sikeres letöltés
2018-10-04 09:14:42,109 +0000 [http-bio-8080-exec-2] DEBUG (ProjectsViewModel.java:200) - A csatolmány sikeresen letöltõdött.
2018-10-04 09:14:48,965 +0000 [http-bio-8080-exec-12] DEBUG (ProjectsViewModel.java:283) - Hozzászólás módosításának megszakítása.
2018-10-04 09:32:40,858 +0000 [ContainerBackgroundProcessor[StandardEngine[Catalina]]] DEBUG (SessionListener.java:43) - A fájlok törlésre kerültek.
2018-10-04 09:41:30,259 +0000 [http-bio-8080-exec-4] DEBUG (SessionListener.java:25) - Session -1 - létrejött: 3CF446C25BC80906ED45024F674175DE
2018-10-04 09:41:30,364 +0000 [http-bio-8080-exec-4] DEBUG (InitialAdminCreator.java:44) - Admin user létezik az adatbázisban.
2018-10-04 09:41:43,763 +0000 [http-bio-8080-exec-12] DEBUG (LoginViewModel.java:29) - Jó felhasználónév és jelszó.
2018-10-04 09:41:43,778 +0000 [http-bio-8080-exec-12] DEBUG (DAOHelper.java:66) - Összes ügyfél lekérdezése megtörtént
2018-10-04 09:41:43,778 +0000 [http-bio-8080-exec-12] DEBUG (DashboardViewModel.java:53) - Ügyfél illetve ügyféllista betöltve.
2018-10-04 09:41:43,906 +0000 [http-bio-8080-exec-12] DEBUG (DashboardViewModel.java:42) - User szerepkörrel rendelkezõ felhasználó kezdeti nézete betöltve
2018-10-04 09:41:43,906 +0000 [http-bio-8080-exec-12] DEBUG (DashboardViewModel.java:34) - A megjelenítõ képernyõ felbontása: 1920 x 939
2018-10-04 09:41:45,847 +0000 [http-bio-8080-exec-12] DEBUG (DashboardViewModel.java:85) - A kiválasztott ügyfél adatai betöltõdtek.
2018-10-04 09:41:45,852 +0000 [http-bio-8080-exec-12] DEBUG (ProjectsViewModel.java:66) - Sikeres ügyfél beállítás
2018-10-04 09:41:45,873 +0000 [http-bio-8080-exec-12] DEBUG (DAOHelper.java:74) - Összes projekt lekérdezése megtörtént
2018-10-04 09:41:52,971 +0000 [http-bio-8080-exec-12] DEBUG (ProjectsViewModel.java:307) - Hozzászólás módosítása ablak aktív.
2018-10-04 09:41:56,606 +0000 [http-bio-8080-exec-12] DEBUG (ProjectsViewModel.java:283) - Hozzászólás módosításának megszakítása.
2018-10-04 09:41:58,346 +0000 [http-bio-8080-exec-12] DEBUG (ProjectsViewModel.java:307) - Hozzászólás módosítása ablak aktív.
2018-10-04 09:42:00,461 +0000 [http-bio-8080-exec-12] DEBUG (ProjectsViewModel.java:283) - Hozzászólás módosításának megszakítása.
2018-10-04 09:42:02,270 +0000 [http-bio-8080-exec-2] DEBUG (ProjectsViewModel.java:307) - Hozzászólás módosítása ablak aktív.
2018-10-04 09:42:03,765 +0000 [http-bio-8080-exec-2] DEBUG (ProjectsViewModel.java:283) - Hozzászólás módosításának megszakítása.
2018-10-04 09:42:16,186 +0000 [http-bio-8080-exec-4] DEBUG (DashboardViewModel.java:77) - A kijelentkezés megtörtént.
2018-10-04 09:42:16,204 +0000 [http-bio-8080-exec-4] DEBUG (SessionListener.java:25) - Session -1 - létrejött: 2300E16A2ED99F98D716E395F803C6E0
2018-10-04 09:42:16,303 +0000 [http-bio-8080-exec-4] DEBUG (InitialAdminCreator.java:44) - Admin user létezik az adatbázisban.
2018-10-04 18:17:02,974 +0000 [http-bio-8080-exec-8] DEBUG (SessionListener.java:25) - Session -0 - létrejött: 989C46FC2F1ABBB059F4198DE04667C2
2018-10-04 18:17:03,081 +0000 [http-bio-8080-exec-8] DEBUG (InitialAdminCreator.java:44) - Admin user létezik az adatbázisban.
2018-10-05 07:09:28,558 +0000 [http-bio-8080-exec-3] DEBUG (SessionListener.java:25) - Session -0 - létrejött: 6303450799EEB9842206A6A38B264B00
2018-10-05 07:09:28,690 +0000 [http-bio-8080-exec-3] DEBUG (InitialAdminCreator.java:44) - Admin user létezik az adatbázisban.
2018-10-05 07:10:39,742 +0000 [http-bio-8080-exec-13] DEBUG (LoginViewModel.java:29) - Jó felhasználónév és jelszó.
2018-10-05 07:10:39,814 +0000 [http-bio-8080-exec-13] DEBUG (DashboardViewModel.java:53) - Ügyfél illetve ügyféllista betöltve.
2018-10-05 07:10:40,524 +0000 [http-bio-8080-exec-1] DEBUG (DashboardViewModel.java:42) - User szerepkörrel rendelkezõ felhasználó kezdeti nézete betöltve
2018-10-05 07:10:40,524 +0000 [http-bio-8080-exec-1] DEBUG (DashboardViewModel.java:34) - A megjelenítõ képernyõ felbontása: 1366 x 606
2018-10-05 07:10:40,547 +0000 [http-bio-8080-exec-1] DEBUG (DAOHelper.java:74) - Összes projekt lekérdezése megtörtént
2018-10-05 07:11:06,720 +0000 [http-bio-8080-exec-11] DEBUG (ProjectsViewModel.java:307) - Hozzászólás módosítása ablak aktív.
2018-10-05 07:11:10,284 +0000 [http-bio-8080-exec-11] DEBUG (AttachmentHandler.java:281) - Sikeres letöltés
2018-10-05 07:11:10,284 +0000 [http-bio-8080-exec-11] DEBUG (ProjectsViewModel.java:200) - A csatolmány sikeresen letöltõdött.
2018-10-05 07:11:11,624 +0000 [http-bio-8080-exec-4] DEBUG (AttachmentHandler.java:281) - Sikeres letöltés
2018-10-05 07:11:11,624 +0000 [http-bio-8080-exec-4] DEBUG (ProjectsViewModel.java:200) - A csatolmány sikeresen letöltõdött.
2018-10-05 07:11:12,824 +0000 [http-bio-8080-exec-9] DEBUG (AttachmentHandler.java:281) - Sikeres letöltés
2018-10-05 07:11:12,824 +0000 [http-bio-8080-exec-9] DEBUG (ProjectsViewModel.java:200) - A csatolmány sikeresen letöltõdött.
2018-10-05 07:11:22,239 +0000 [http-bio-8080-exec-1] DEBUG (AttachmentHandler.java:281) - Sikeres letöltés
2018-10-05 07:11:22,239 +0000 [http-bio-8080-exec-1] DEBUG (ProjectsViewModel.java:200) - A csatolmány sikeresen letöltõdött.
2018-10-05 07:11:23,886 +0000 [http-bio-8080-exec-2] DEBUG (AttachmentHandler.java:281) - Sikeres letöltés
2018-10-05 07:11:23,887 +0000 [http-bio-8080-exec-2] DEBUG (ProjectsViewModel.java:200) - A csatolmány sikeresen letöltõdött.
2018-10-05 07:11:29,340 +0000 [http-bio-8080-exec-9] DEBUG (ProjectsViewModel.java:283) - Hozzászólás módosításának megszakítása.
2018-10-05 11:41:20,677 +0000 [http-bio-8080-exec-11] DEBUG (SessionListener.java:25) - Session -0 - létrejött: 9CECA6AD4A9D572E4C4A41AF366273E2
2018-10-05 11:41:20,781 +0000 [http-bio-8080-exec-11] DEBUG (InitialAdminCreator.java:44) - Admin user létezik az adatbázisban.
2018-10-05 11:41:23,245 +0000 [http-bio-8080-exec-9] DEBUG (AuthenticationLoginService.java:19) - CRMUser is null for: null,null
2018-10-05 11:41:23,245 +0000 [http-bio-8080-exec-9] DEBUG (LoginViewModel.java:26) - Rossz felhasználónév és jelszó.
2018-10-05 13:35:52,559 +0000 [http-bio-8080-exec-13] DEBUG (SessionListener.java:25) - Session -0 - létrejött: 41F1EE75EC0ED778C98B2F750F87BBCB
2018-10-05 13:35:52,667 +0000 [http-bio-8080-exec-13] DEBUG (InitialAdminCreator.java:44) - Admin user létezik az adatbázisban.
2018-10-05 13:37:02,413 +0000 [http-bio-8080-exec-2] DEBUG (SessionListener.java:25) - Session -1 - létrejött: 69BAADBAAA7E963A2AF305AFB2B4D3EC
2018-10-05 13:37:02,508 +0000 [http-bio-8080-exec-2] DEBUG (InitialAdminCreator.java:44) - Admin user létezik az adatbázisban.
2018-10-05 13:37:24,318 +0000 [http-bio-8080-exec-10] DEBUG (LoginViewModel.java:29) - Jó felhasználónév és jelszó.
2018-10-05 13:37:24,437 +0000 [http-bio-8080-exec-10] DEBUG (DashboardViewModel.java:53) - Ügyfél illetve ügyféllista betöltve.
2018-10-05 13:37:24,782 +0000 [http-bio-8080-exec-10] DEBUG (DashboardViewModel.java:42) - User szerepkörrel rendelkezõ felhasználó kezdeti nézete betöltve
2018-10-05 13:37:24,782 +0000 [http-bio-8080-exec-10] DEBUG (DashboardViewModel.java:34) - A megjelenítõ képernyõ felbontása: 1218 x 868
2018-10-05 13:37:24,807 +0000 [http-bio-8080-exec-10] DEBUG (DAOHelper.java:74) - Összes projekt lekérdezése megtörtént
2018-10-05 13:37:40,498 +0000 [http-bio-8080-exec-10] DEBUG (ProjectsViewModel.java:307) - Hozzászólás módosítása ablak aktív.
2018-10-05 13:37:55,480 +0000 [http-bio-8080-exec-8] DEBUG (AttachmentHandler.java:281) - Sikeres letöltés
2018-10-05 13:37:55,480 +0000 [http-bio-8080-exec-8] DEBUG (ProjectsViewModel.java:200) - A csatolmány sikeresen letöltõdött.
2018-10-05 13:38:02,780 +0000 [http-bio-8080-exec-13] DEBUG (AttachmentHandler.java:281) - Sikeres letöltés
2018-10-05 13:38:02,780 +0000 [http-bio-8080-exec-13] DEBUG (ProjectsViewModel.java:200) - A csatolmány sikeresen letöltõdött.
2018-10-05 13:38:04,920 +0000 [http-bio-8080-exec-11] DEBUG (AttachmentHandler.java:281) - Sikeres letöltés
2018-10-05 13:38:04,920 +0000 [http-bio-8080-exec-11] DEBUG (ProjectsViewModel.java:200) - A csatolmány sikeresen letöltõdött.
2018-10-05 13:38:07,768 +0000 [http-bio-8080-exec-11] DEBUG (AttachmentHandler.java:281) - Sikeres letöltés
2018-10-05 13:38:07,768 +0000 [http-bio-8080-exec-11] DEBUG (ProjectsViewModel.java:200) - A csatolmány sikeresen letöltõdött.
2018-10-05 13:38:08,560 +0000 [http-bio-8080-exec-2] DEBUG (AttachmentHandler.java:281) - Sikeres letöltés
2018-10-05 13:38:08,560 +0000 [http-bio-8080-exec-2] DEBUG (ProjectsViewModel.java:200) - A csatolmány sikeresen letöltõdött.
2018-10-05 13:38:08,833 +0000 [http-bio-8080-exec-10] DEBUG (AttachmentHandler.java:281) - Sikeres letöltés
2018-10-05 13:38:08,833 +0000 [http-bio-8080-exec-10] DEBUG (ProjectsViewModel.java:200) - A csatolmány sikeresen letöltõdött.
2018-10-05 13:38:10,118 +0000 [http-bio-8080-exec-9] DEBUG (AttachmentHandler.java:281) - Sikeres letöltés
2018-10-05 13:38:10,119 +0000 [http-bio-8080-exec-9] DEBUG (ProjectsViewModel.java:200) - A csatolmány sikeresen letöltõdött.
2018-10-05 13:38:22,123 +0000 [http-bio-8080-exec-1] DEBUG (LoginViewModel.java:29) - Jó felhasználónév és jelszó.
2018-10-05 13:38:22,217 +0000 [http-bio-8080-exec-1] DEBUG (DashboardViewModel.java:53) - Ügyfél illetve ügyféllista betöltve.
2018-10-05 13:38:22,699 +0000 [http-bio-8080-exec-3] DEBUG (DashboardViewModel.java:42) - User szerepkörrel rendelkezõ felhasználó kezdeti nézete betöltve
2018-10-05 13:38:22,699 +0000 [http-bio-8080-exec-3] DEBUG (DashboardViewModel.java:34) - A megjelenítõ képernyõ felbontása: 1354 x 869
2018-10-05 13:38:22,720 +0000 [http-bio-8080-exec-3] DEBUG (DAOHelper.java:74) - Összes projekt lekérdezése megtörtént
2018-10-05 13:38:48,874 +0000 [http-bio-8080-exec-4] DEBUG (ProjectsViewModel.java:307) - Hozzászólás módosítása ablak aktív.
2018-10-05 13:38:51,851 +0000 [http-bio-8080-exec-4] DEBUG (AttachmentHandler.java:281) - Sikeres letöltés
2018-10-05 13:38:51,851 +0000 [http-bio-8080-exec-4] DEBUG (ProjectsViewModel.java:200) - A csatolmány sikeresen letöltõdött.
2018-10-05 13:38:54,180 +0000 [http-bio-8080-exec-3] DEBUG (AttachmentHandler.java:281) - Sikeres letöltés
2018-10-05 13:38:54,181 +0000 [http-bio-8080-exec-3] DEBUG (ProjectsViewModel.java:200) - A csatolmány sikeresen letöltõdött.
2018-10-05 13:38:55,310 +0000 [http-bio-8080-exec-1] DEBUG (AttachmentHandler.java:281) - Sikeres letöltés
2018-10-05 13:38:55,310 +0000 [http-bio-8080-exec-1] DEBUG (ProjectsViewModel.java:200) - A csatolmány sikeresen letöltõdött.
2018-10-05 13:38:55,959 +0000 [http-bio-8080-exec-12] DEBUG (AttachmentHandler.java:281) - Sikeres letöltés
2018-10-05 13:38:55,959 +0000 [http-bio-8080-exec-12] DEBUG (ProjectsViewModel.java:200) - A csatolmány sikeresen letöltõdött.
2018-10-05 13:38:55,959 +0000 [http-bio-8080-exec-12] DEBUG (AttachmentHandler.java:281) - Sikeres letöltés
2018-10-05 13:38:55,960 +0000 [http-bio-8080-exec-12] DEBUG (ProjectsViewModel.java:200) - A csatolmány sikeresen letöltõdött.
2018-10-05 13:38:55,960 +0000 [http-bio-8080-exec-12] DEBUG (AttachmentHandler.java:281) - Sikeres letöltés
2018-10-05 13:38:55,960 +0000 [http-bio-8080-exec-12] DEBUG (ProjectsViewModel.java:200) - A csatolmány sikeresen letöltõdött.
2018-10-05 13:39:00,173 +0000 [http-bio-8080-exec-12] DEBUG (AttachmentHandler.java:281) - Sikeres letöltés
2018-10-05 13:39:00,173 +0000 [http-bio-8080-exec-12] DEBUG (ProjectsViewModel.java:200) - A csatolmány sikeresen letöltõdött.
2018-10-05 13:39:04,965 +0000 [http-bio-8080-exec-12] DEBUG (AttachmentHandler.java:281) - Sikeres letöltés
2018-10-05 13:39:04,966 +0000 [http-bio-8080-exec-12] DEBUG (ProjectsViewModel.java:200) - A csatolmány sikeresen letöltõdött.
2018-10-05 13:39:12,420 +0000 [http-bio-8080-exec-16] DEBUG (AttachmentHandler.java:281) - Sikeres letöltés
2018-10-05 13:39:12,420 +0000 [http-bio-8080-exec-16] DEBUG (ProjectsViewModel.java:200) - A csatolmány sikeresen letöltõdött.
2018-10-05 13:39:13,462 +0000 [http-bio-8080-exec-3] DEBUG (AttachmentHandler.java:281) - Sikeres letöltés
2018-10-05 13:39:13,462 +0000 [http-bio-8080-exec-3] DEBUG (ProjectsViewModel.java:200) - A csatolmány sikeresen letöltõdött.
2018-10-05 13:39:13,784 +0000 [http-bio-8080-exec-12] DEBUG (AttachmentHandler.java:281) - Sikeres letöltés
2018-10-05 13:39:13,784 +0000 [http-bio-8080-exec-12] DEBUG (ProjectsViewModel.java:200) - A csatolmány sikeresen letöltõdött.
2018-10-05 13:39:14,072 +0000 [http-bio-8080-exec-3] DEBUG (AttachmentHandler.java:281) - Sikeres letöltés
2018-10-05 13:39:14,072 +0000 [http-bio-8080-exec-3] DEBUG (ProjectsViewModel.java:200) - A csatolmány sikeresen letöltõdött.
2018-10-05 13:39:14,354 +0000 [http-bio-8080-exec-15] DEBUG (AttachmentHandler.java:281) - Sikeres letöltés
2018-10-05 13:39:14,355 +0000 [http-bio-8080-exec-15] DEBUG (ProjectsViewModel.java:200) - A csatolmány sikeresen letöltõdött.
2018-10-05 13:39:14,632 +0000 [http-bio-8080-exec-3] DEBUG (AttachmentHandler.java:281) - Sikeres letöltés
2018-10-05 13:39:14,632 +0000 [http-bio-8080-exec-3] DEBUG (ProjectsViewModel.java:200) - A csatolmány sikeresen letöltõdött.
2018-10-05 13:39:14,925 +0000 [http-bio-8080-exec-15] DEBUG (AttachmentHandler.java:281) - Sikeres letöltés
2018-10-05 13:39:14,925 +0000 [http-bio-8080-exec-15] DEBUG (ProjectsViewModel.java:200) - A csatolmány sikeresen letöltõdött.
2018-10-05 13:39:23,501 +0000 [http-bio-8080-exec-3] DEBUG (ProjectsViewModel.java:283) - Hozzászólás módosításának megszakítása.
2018-10-05 13:39:31,511 +0000 [http-bio-8080-exec-17] DEBUG (DashboardViewModel.java:77) - A kijelentkezés megtörtént.
2018-10-05 13:39:31,608 +0000 [http-bio-8080-exec-17] DEBUG (SessionListener.java:25) - Session -1 - létrejött: 60987FCECCE9D22C0986438C7FD34BDB
2018-10-05 13:39:31,705 +0000 [http-bio-8080-exec-17] DEBUG (InitialAdminCreator.java:44) - Admin user létezik az adatbázisban.
2018-10-05 13:39:37,200 +0000 [http-bio-8080-exec-12] DEBUG (AttachmentHandler.java:281) - Sikeres letöltés
2018-10-05 13:39:37,200 +0000 [http-bio-8080-exec-12] DEBUG (ProjectsViewModel.java:200) - A csatolmány sikeresen letöltõdött.
2018-10-05 13:41:26,489 +0000 [http-bio-8080-exec-4] DEBUG (ProjectsViewModel.java:283) - Hozzászólás módosításának megszakítása.
2018-10-05 13:41:33,555 +0000 [http-bio-8080-exec-4] DEBUG (DashboardViewModel.java:77) - A kijelentkezés megtörtént.
2018-10-05 13:41:33,626 +0000 [http-bio-8080-exec-4] DEBUG (SessionListener.java:25) - Session -1 - létrejött: 79FCDEB7E0000EE66F427A2EC9EB4210
2018-10-05 13:41:33,739 +0000 [http-bio-8080-exec-4] DEBUG (InitialAdminCreator.java:44) - Admin user létezik az adatbázisban.
2018-10-05 15:21:54,902 +0000 [http-bio-8080-exec-10] DEBUG (SessionListener.java:25) - Session -0 - létrejött: 10CBD04C310D667A1A40076CD29431A0
2018-10-05 15:21:55,009 +0000 [http-bio-8080-exec-10] DEBUG (InitialAdminCreator.java:44) - Admin user létezik az adatbázisban.
2018-10-05 15:23:09,748 +0000 [http-bio-8080-exec-16] DEBUG (LoginViewModel.java:29) - Jó felhasználónév és jelszó.
2018-10-05 15:23:09,909 +0000 [http-bio-8080-exec-16] DEBUG (DashboardViewModel.java:53) - Ügyfél illetve ügyféllista betöltve.
2018-10-05 15:23:10,640 +0000 [http-bio-8080-exec-16] DEBUG (DashboardViewModel.java:42) - User szerepkörrel rendelkezõ felhasználó kezdeti nézete betöltve
2018-10-05 15:23:10,640 +0000 [http-bio-8080-exec-16] DEBUG (DashboardViewModel.java:34) - A megjelenítõ képernyõ felbontása: 1366 x 604
2018-10-05 15:23:10,662 +0000 [http-bio-8080-exec-16] DEBUG (DAOHelper.java:74) - Összes projekt lekérdezése megtörtént
2018-10-05 15:23:18,226 +0000 [http-bio-8080-exec-16] DEBUG (ProjectsViewModel.java:307) - Hozzászólás módosítása ablak aktív.
2018-10-05 15:23:21,093 +0000 [http-bio-8080-exec-16] DEBUG (AttachmentHandler.java:281) - Sikeres letöltés
2018-10-05 15:23:21,093 +0000 [http-bio-8080-exec-16] DEBUG (ProjectsViewModel.java:200) - A csatolmány sikeresen letöltõdött.
2018-10-05 15:26:43,326 +0000 [http-bio-8080-exec-19] DEBUG (SessionListener.java:25) - Session -1 - létrejött: 309DF6BBAFA568EF967717E451FC5380
2018-10-05 15:26:43,434 +0000 [http-bio-8080-exec-19] DEBUG (InitialAdminCreator.java:44) - Admin user létezik az adatbázisban.
2018-10-05 15:32:00,533 +0000 [http-bio-8080-exec-16] DEBUG (ProjectsViewModel.java:283) - Hozzászólás módosításának megszakítása.
2018-10-06 17:47:19,810 +0000 [http-bio-8080-exec-4] DEBUG (SessionListener.java:25) - Session -0 - létrejött: 53E025D7517511BE5CFD1A85EFBA3898
2018-10-06 17:47:19,924 +0000 [http-bio-8080-exec-4] DEBUG (InitialAdminCreator.java:44) - Admin user létezik az adatbázisban.
2018-10-08 06:01:29,563 +0000 [http-bio-8080-exec-10] DEBUG (SessionListener.java:25) - Session -0 - létrejött: D9372737334E9F0CF0C72E14C3F0A0A8
2018-10-08 06:01:29,684 +0000 [http-bio-8080-exec-10] DEBUG (InitialAdminCreator.java:44) - Admin user létezik az adatbázisban.
2018-10-10 05:42:01,768 +0000 [http-bio-8080-exec-21] DEBUG (SessionListener.java:25) - Session -0 - létrejött: 3303BC698EC210F9BFAB38A2BD7F40B8
2018-10-10 05:42:01,883 +0000 [http-bio-8080-exec-21] DEBUG (InitialAdminCreator.java:44) - Admin user létezik az adatbázisban.
2018-10-10 05:52:38,346 +0000 [http-bio-8080-exec-1] DEBUG (SessionListener.java:25) - Session -1 - létrejött: 22C14CF9BAF3F4391BE4F46837309FF7
2018-10-10 05:52:38,455 +0000 [http-bio-8080-exec-1] DEBUG (InitialAdminCreator.java:44) - Admin user létezik az adatbázisban.
2018-10-10 05:52:41,059 +0000 [http-bio-8080-exec-1] DEBUG (LoginViewModel.java:29) - Jó felhasználónév és jelszó.
2018-10-10 05:52:41,127 +0000 [http-bio-8080-exec-1] DEBUG (DAOHelper.java:66) - Összes ügyfél lekérdezése megtörtént
2018-10-10 05:52:41,127 +0000 [http-bio-8080-exec-1] DEBUG (DashboardViewModel.java:53) - Ügyfél illetve ügyféllista betöltve.
2018-10-10 05:52:41,409 +0000 [http-bio-8080-exec-1] DEBUG (DashboardViewModel.java:42) - User szerepkörrel rendelkezõ felhasználó kezdeti nézete betöltve
2018-10-10 05:52:41,409 +0000 [http-bio-8080-exec-1] DEBUG (DashboardViewModel.java:34) - A megjelenítõ képernyõ felbontása: 1920 x 932
2018-10-10 05:52:46,857 +0000 [http-bio-8080-exec-17] DEBUG (DashboardViewModel.java:85) - A kiválasztott ügyfél adatai betöltõdtek.
2018-10-10 05:52:46,861 +0000 [http-bio-8080-exec-17] DEBUG (ProjectsViewModel.java:66) - Sikeres ügyfél beállítás
2018-10-10 05:52:46,881 +0000 [http-bio-8080-exec-17] DEBUG (DAOHelper.java:74) - Összes projekt lekérdezése megtörtént
2018-10-10 05:52:53,009 +0000 [http-bio-8080-exec-17] DEBUG (ProjectsViewModel.java:318) - Új hozzászólás hozzáadása ablak aktív.
2018-10-10 05:53:24,282 +0000 [http-bio-8080-exec-16] DEBUG (AttachmentHandler.java:142) - Fájl betöltése ideiglenes állományként almappába sikeres volt.
2018-10-10 05:53:24,282 +0000 [http-bio-8080-exec-16] DEBUG (AttachmentHandler.java:155) - A csatolmány betöltése sikeres volt a temp mappából.
2018-10-10 05:53:24,283 +0000 [http-bio-8080-exec-16] DEBUG (AttachmentHandler.java:175) - A csatolmány mentése sikeres volt az alábbi helyre:/minicrm/attachments/budapest_bank/psd2/9 budapest_bank/psd2/9/listTranzactions_req.xml
2018-10-10 05:53:24,283 +0000 [http-bio-8080-exec-16] DEBUG (AttachmentHandler.java:186) - A temp állomány törlése sikeres volt az alábbi helyrõl: /tmp/temp_listTranzactions_req.xml
2018-10-10 05:53:24,283 +0000 [http-bio-8080-exec-16] DEBUG (ProjectsViewModel.java:183) - Sikeres csatolmány mentés új hozzászóláshoz
2018-10-10 05:53:30,131 +0000 [http-bio-8080-exec-16] DEBUG (AttachmentHandler.java:142) - Fájl betöltése ideiglenes állományként almappába sikeres volt.
2018-10-10 05:53:30,131 +0000 [http-bio-8080-exec-16] DEBUG (AttachmentHandler.java:155) - A csatolmány betöltése sikeres volt a temp mappából.
2018-10-10 05:53:30,138 +0000 [http-bio-8080-exec-16] DEBUG (AttachmentHandler.java:175) - A csatolmány mentése sikeres volt az alábbi helyre:/minicrm/attachments/budapest_bank/psd2/9 budapest_bank/psd2/9/listTranzactions_resp.xml
2018-10-10 05:53:30,138 +0000 [http-bio-8080-exec-16] DEBUG (AttachmentHandler.java:186) - A temp állomány törlése sikeres volt az alábbi helyrõl: /tmp/temp_listTranzactions_resp.xml
2018-10-10 05:53:30,139 +0000 [http-bio-8080-exec-16] DEBUG (ProjectsViewModel.java:183) - Sikeres csatolmány mentés új hozzászóláshoz
2018-10-10 05:53:32,295 +0000 [http-bio-8080-exec-16] DEBUG (ProjectsViewModel.java:111) - Sikeres új hozzászólás mentés
2018-10-10 05:54:43,054 +0000 [http-bio-8080-exec-17] DEBUG (SessionListener.java:25) - Session -2 - létrejött: 8E64107CE9082D3B01F01B82F8F01D67
2018-10-10 05:54:43,145 +0000 [http-bio-8080-exec-17] DEBUG (InitialAdminCreator.java:44) - Admin user létezik az adatbázisban.
2018-10-10 05:54:45,448 +0000 [http-bio-8080-exec-17] DEBUG (LoginViewModel.java:29) - Jó felhasználónév és jelszó.
2018-10-10 05:54:45,489 +0000 [http-bio-8080-exec-17] DEBUG (DAOHelper.java:66) - Összes ügyfél lekérdezése megtörtént
2018-10-10 05:54:45,489 +0000 [http-bio-8080-exec-17] DEBUG (DashboardViewModel.java:53) - Ügyfél illetve ügyféllista betöltve.
2018-10-10 05:54:45,870 +0000 [http-bio-8080-exec-17] DEBUG (DashboardViewModel.java:42) - User szerepkörrel rendelkezõ felhasználó kezdeti nézete betöltve
2018-10-10 05:54:45,870 +0000 [http-bio-8080-exec-17] DEBUG (DashboardViewModel.java:34) - A megjelenítõ képernyõ felbontása: 1920 x 899
2018-10-10 05:54:50,740 +0000 [http-bio-8080-exec-17] DEBUG (DashboardViewModel.java:85) - A kiválasztott ügyfél adatai betöltõdtek.
2018-10-10 05:54:50,744 +0000 [http-bio-8080-exec-17] DEBUG (ProjectsViewModel.java:66) - Sikeres ügyfél beállítás
2018-10-10 05:54:50,766 +0000 [http-bio-8080-exec-17] DEBUG (DAOHelper.java:74) - Összes projekt lekérdezése megtörtént
2018-10-10 05:54:59,154 +0000 [http-bio-8080-exec-3] DEBUG (ProjectsViewModel.java:307) - Hozzászólás módosítása ablak aktív.
2018-10-10 05:55:06,816 +0000 [http-bio-8080-exec-1] DEBUG (AttachmentHandler.java:281) - Sikeres letöltés
2018-10-10 05:55:06,816 +0000 [http-bio-8080-exec-1] DEBUG (ProjectsViewModel.java:200) - A csatolmány sikeresen letöltõdött.
2018-10-10 05:55:12,385 +0000 [http-bio-8080-exec-1] DEBUG (AttachmentHandler.java:281) - Sikeres letöltés
2018-10-10 05:55:12,385 +0000 [http-bio-8080-exec-1] DEBUG (ProjectsViewModel.java:200) - A csatolmány sikeresen letöltõdött.
2018-10-10 05:55:34,113 +0000 [http-bio-8080-exec-4] DEBUG (ProjectsViewModel.java:283) - Hozzászólás módosításának megszakítása.
2018-10-10 10:10:25,832 +0000 [http-bio-8080-exec-10] DEBUG (SessionListener.java:25) - Session -0 - létrejött: 61EDBDD1CC69A31449E9E5A2169B8E4A
2018-10-10 10:10:25,938 +0000 [http-bio-8080-exec-10] DEBUG (InitialAdminCreator.java:44) - Admin user létezik az adatbázisban.
2018-10-10 10:10:28,581 +0000 [http-bio-8080-exec-16] DEBUG (LoginViewModel.java:29) - Jó felhasználónév és jelszó.
2018-10-10 10:10:28,719 +0000 [http-bio-8080-exec-16] DEBUG (DAOHelper.java:66) - Összes ügyfél lekérdezése megtörtént
2018-10-10 10:10:28,720 +0000 [http-bio-8080-exec-16] DEBUG (DashboardViewModel.java:53) - Ügyfél illetve ügyféllista betöltve.
2018-10-10 10:10:29,253 +0000 [http-bio-8080-exec-16] DEBUG (DashboardViewModel.java:42) - User szerepkörrel rendelkezõ felhasználó kezdeti nézete betöltve
2018-10-10 10:10:29,253 +0000 [http-bio-8080-exec-16] DEBUG (DashboardViewModel.java:34) - A megjelenítõ képernyõ felbontása: 1920 x 899
2018-10-10 10:10:31,878 +0000 [http-bio-8080-exec-10] DEBUG (DashboardViewModel.java:85) - A kiválasztott ügyfél adatai betöltõdtek.
2018-10-10 10:10:31,883 +0000 [http-bio-8080-exec-10] DEBUG (ProjectsViewModel.java:66) - Sikeres ügyfél beállítás
2018-10-10 10:10:31,903 +0000 [http-bio-8080-exec-10] DEBUG (DAOHelper.java:74) - Összes projekt lekérdezése megtörtént
2018-10-10 10:10:35,090 +0000 [http-bio-8080-exec-10] DEBUG (ProjectsViewModel.java:318) - Új hozzászólás hozzáadása ablak aktív.
2018-10-10 10:11:17,646 +0000 [http-bio-8080-exec-4] DEBUG (AttachmentHandler.java:142) - Fájl betöltése ideiglenes állományként almappába sikeres volt.
2018-10-10 10:11:17,646 +0000 [http-bio-8080-exec-4] DEBUG (AttachmentHandler.java:155) - A csatolmány betöltése sikeres volt a temp mappából.
2018-10-10 10:11:17,646 +0000 [http-bio-8080-exec-4] DEBUG (AttachmentHandler.java:175) - A csatolmány mentése sikeres volt az alábbi helyre:/minicrm/attachments/budapest_bank/psd2/10 budapest_bank/psd2/10/GW szolgaltatasok v3.xlsx
2018-10-10 10:11:17,647 +0000 [http-bio-8080-exec-4] DEBUG (AttachmentHandler.java:186) - A temp állomány törlése sikeres volt az alábbi helyrõl: /tmp/temp_GW szolgaltatasok v3.xlsx
2018-10-10 10:11:17,647 +0000 [http-bio-8080-exec-4] DEBUG (ProjectsViewModel.java:183) - Sikeres csatolmány mentés új hozzászóláshoz
2018-10-10 10:11:27,184 +0000 [http-bio-8080-exec-21] DEBUG (ProjectsViewModel.java:111) - Sikeres új hozzászólás mentés
2018-10-10 10:14:52,208 +0000 [http-bio-8080-exec-16] DEBUG (SessionListener.java:25) - Session -1 - létrejött: C25B29F48F21A3FD5EB15164EA7FB9B9
2018-10-10 10:14:52,307 +0000 [http-bio-8080-exec-16] DEBUG (InitialAdminCreator.java:44) - Admin user létezik az adatbázisban.
2018-10-10 10:14:54,433 +0000 [http-bio-8080-exec-16] DEBUG (LoginViewModel.java:29) - Jó felhasználónév és jelszó.
2018-10-10 10:14:54,496 +0000 [http-bio-8080-exec-16] DEBUG (DAOHelper.java:66) - Összes ügyfél lekérdezése megtörtént
2018-10-10 10:14:54,496 +0000 [http-bio-8080-exec-16] DEBUG (DashboardViewModel.java:53) - Ügyfél illetve ügyféllista betöltve.
2018-10-10 10:14:54,771 +0000 [http-bio-8080-exec-16] DEBUG (DashboardViewModel.java:42) - User szerepkörrel rendelkezõ felhasználó kezdeti nézete betöltve
2018-10-10 10:14:54,771 +0000 [http-bio-8080-exec-16] DEBUG (DashboardViewModel.java:34) - A megjelenítõ képernyõ felbontása: 1920 x 932
2018-10-10 10:14:56,973 +0000 [http-bio-8080-exec-16] DEBUG (DashboardViewModel.java:85) - A kiválasztott ügyfél adatai betöltõdtek.
2018-10-10 10:14:56,977 +0000 [http-bio-8080-exec-16] DEBUG (ProjectsViewModel.java:66) - Sikeres ügyfél beállítás
2018-10-10 10:14:56,999 +0000 [http-bio-8080-exec-16] DEBUG (DAOHelper.java:74) - Összes projekt lekérdezése megtörtént
2018-10-10 10:15:07,189 +0000 [http-bio-8080-exec-4] DEBUG (ProjectsViewModel.java:307) - Hozzászólás módosítása ablak aktív.
2018-10-10 10:15:09,960 +0000 [http-bio-8080-exec-4] DEBUG (AttachmentHandler.java:281) - Sikeres letöltés
2018-10-10 10:15:09,960 +0000 [http-bio-8080-exec-4] DEBUG (ProjectsViewModel.java:200) - A csatolmány sikeresen letöltõdött.
2018-10-10 10:15:12,586 +0000 [http-bio-8080-exec-4] DEBUG (ProjectsViewModel.java:283) - Hozzászólás módosításának megszakítása.
2018-10-10 10:15:16,663 +0000 [http-bio-8080-exec-4] DEBUG (DashboardViewModel.java:42) - User szerepkörrel rendelkezõ felhasználó kezdeti nézete betöltve
2018-10-10 10:15:16,663 +0000 [http-bio-8080-exec-4] DEBUG (DashboardViewModel.java:34) - A megjelenítõ képernyõ felbontása: 790 x 437
2018-10-10 10:17:05,272 +0000 [http-bio-8080-exec-19] DEBUG (DashboardViewModel.java:42) - User szerepkörrel rendelkezõ felhasználó kezdeti nézete betöltve
2018-10-10 10:17:05,273 +0000 [http-bio-8080-exec-19] DEBUG (DashboardViewModel.java:34) - A megjelenítõ képernyõ felbontása: 1920 x 932
2018-10-10 18:37:01,665 +0000 [http-bio-8080-exec-3] DEBUG (SessionListener.java:25) - Session -0 - létrejött: D06DD275DBEA5E513B44D41AFB6023A9
2018-10-10 18:37:01,764 +0000 [http-bio-8080-exec-3] DEBUG (InitialAdminCreator.java:44) - Admin user létezik az adatbázisban.
2018-10-11 05:56:22,971 +0000 [http-bio-8080-exec-12] DEBUG (SessionListener.java:25) - Session -0 - létrejött: F229F94C256336F46BE5181E07E3EF14
2018-10-11 05:56:23,086 +0000 [http-bio-8080-exec-12] DEBUG (InitialAdminCreator.java:44) - Admin user létezik az adatbázisban.
2018-10-11 07:35:42,339 +0000 [http-bio-8080-exec-12] DEBUG (SessionListener.java:25) - Session -0 - létrejött: 487A2FADA857BAB18E25805624570828
2018-10-11 07:35:42,437 +0000 [http-bio-8080-exec-12] DEBUG (InitialAdminCreator.java:44) - Admin user létezik az adatbázisban.
2018-10-11 13:19:35,976 +0000 [http-bio-8080-exec-17] DEBUG (SessionListener.java:25) - Session -0 - létrejött: B720088AD9017D3307113C0E376309DF
2018-10-11 13:19:36,072 +0000 [http-bio-8080-exec-17] DEBUG (InitialAdminCreator.java:44) - Admin user létezik az adatbázisban.
2018-10-13 05:58:45,576 +0000 [http-bio-8080-exec-4] DEBUG (SessionListener.java:25) - Session -0 - létrejött: 294FFD741044B0C6C2F68F02F404949C
2018-10-13 05:58:45,693 +0000 [http-bio-8080-exec-4] DEBUG (InitialAdminCreator.java:44) - Admin user létezik az adatbázisban.
2018-10-16 05:56:57,011 +0000 [http-bio-8080-exec-10] DEBUG (SessionListener.java:25) - Session -0 - létrejött: 9F9EAA0237DBB36EA4EFF15C5CF399FD
2018-10-16 05:56:57,125 +0000 [http-bio-8080-exec-10] DEBUG (InitialAdminCreator.java:44) - Admin user létezik az adatbázisban.
2018-10-17 20:12:32,484 +0000 [http-bio-8080-exec-17] DEBUG (SessionListener.java:25) - Session -0 - létrejött: 22B8936D3DABE25BFED1B6EB9DCA017B
2018-10-17 20:12:32,595 +0000 [http-bio-8080-exec-17] DEBUG (InitialAdminCreator.java:44) - Admin user létezik az adatbázisban.
2018-10-18 04:12:29,074 +0000 [http-bio-8080-exec-12] DEBUG (SessionListener.java:25) - Session -0 - létrejött: B9F024BC14A7A6E5C276DCBAAE9E1A94
2018-10-18 04:12:29,175 +0000 [http-bio-8080-exec-12] DEBUG (InitialAdminCreator.java:44) - Admin user létezik az adatbázisban.
2018-10-19 09:07:34,011 +0000 [http-bio-8080-exec-21] DEBUG (SessionListener.java:25) - Session -0 - létrejött: C1674FABC3520060A8433BF81DCF8699
2018-10-19 09:07:34,119 +0000 [http-bio-8080-exec-21] DEBUG (InitialAdminCreator.java:44) - Admin user létezik az adatbázisban.
2018-10-19 09:48:53,664 +0000 [http-bio-8080-exec-9] DEBUG (SessionListener.java:25) - Session -0 - létrejött: 41D554C822A5ADEBAC3852CF301D2C4F
2018-10-19 09:48:53,761 +0000 [http-bio-8080-exec-9] DEBUG (InitialAdminCreator.java:44) - Admin user létezik az adatbázisban.
2018-10-20 10:00:28,710 +0000 [http-bio-8080-exec-10] DEBUG (SessionListener.java:25) - Session -0 - létrejött: FAA30AFD99589AAE87A1374C18982A7C
2018-10-20 10:00:28,855 +0000 [http-bio-8080-exec-10] DEBUG (InitialAdminCreator.java:44) - Admin user létezik az adatbázisban.
2018-10-21 07:56:04,327 +0000 [http-bio-8080-exec-19] DEBUG (SessionListener.java:25) - Session -0 - létrejött: 7D6DBC6AF63547D6F20C9D402B8BE54E
2018-10-21 07:56:04,437 +0000 [http-bio-8080-exec-19] DEBUG (InitialAdminCreator.java:44) - Admin user létezik az adatbázisban.
2018-10-24 08:59:05,297 +0000 [http-bio-8080-exec-4] DEBUG (SessionListener.java:25) - Session -0 - létrejött: 15A4BEE05E5DBB268902EB1AD6EDD2D4
2018-10-24 08:59:05,431 +0000 [http-bio-8080-exec-4] DEBUG (InitialAdminCreator.java:44) - Admin user létezik az adatbázisban.
2018-10-24 08:59:40,132 +0000 [http-bio-8080-exec-21] DEBUG (LoginViewModel.java:29) - Jó felhasználónév és jelszó.
2018-10-24 08:59:40,166 +0000 [http-bio-8080-exec-21] DEBUG (DAOHelper.java:66) - Összes ügyfél lekérdezése megtörtént
2018-10-24 08:59:40,166 +0000 [http-bio-8080-exec-21] DEBUG (DashboardViewModel.java:53) - Ügyfél illetve ügyféllista betöltve.
2018-10-24 08:59:40,398 +0000 [http-bio-8080-exec-12] DEBUG (DashboardViewModel.java:42) - User szerepkörrel rendelkezõ felhasználó kezdeti nézete betöltve
2018-10-24 08:59:40,399 +0000 [http-bio-8080-exec-12] DEBUG (DashboardViewModel.java:34) - A megjelenítõ képernyõ felbontása: 1920 x 934
2018-10-24 08:59:43,408 +0000 [http-bio-8080-exec-4] DEBUG (DashboardViewModel.java:70) - Tartalom oldal megváltozott.
2018-10-24 08:59:43,415 +0000 [http-bio-8080-exec-4] DEBUG (DAOHelper.java:211) - Összes jogosultság lekérdezése megtörtént
2018-10-24 08:59:43,419 +0000 [http-bio-8080-exec-4] DEBUG (DAOHelper.java:38) - Összes felhasználó lekérdezése megtörtént
2018-10-24 08:59:43,420 +0000 [http-bio-8080-exec-4] DEBUG (UsersViewModel.java:31) - Adatbázisból az adatok betöltõdtek.
2018-10-24 09:00:01,613 +0000 [http-bio-8080-exec-12] DEBUG (UsersViewModel.java:69) - Dialógusablak megváltozott.
2018-10-24 09:00:03,293 +0000 [http-bio-8080-exec-12] DEBUG (UsersViewModel.java:69) - Dialógusablak megváltozott.
2018-10-24 09:00:07,265 +0000 [http-bio-8080-exec-12] DEBUG (DashboardViewModel.java:70) - Tartalom oldal megváltozott.
2018-10-24 09:00:09,406 +0000 [http-bio-8080-exec-12] DEBUG (DashboardViewModel.java:70) - Tartalom oldal megváltozott.
2018-10-24 09:00:09,412 +0000 [http-bio-8080-exec-12] DEBUG (DAOHelper.java:66) - Összes ügyfél lekérdezése megtörtént
2018-10-24 09:00:09,412 +0000 [http-bio-8080-exec-12] DEBUG (CustomersViewModel.java:27) - Ügyfél lista betöltve.
2018-10-24 09:00:12,622 +0000 [http-bio-8080-exec-12] DEBUG (DashboardViewModel.java:70) - Tartalom oldal megváltozott.
2018-10-24 09:00:12,626 +0000 [http-bio-8080-exec-12] DEBUG (DAOHelper.java:211) - Összes jogosultság lekérdezése megtörtént
2018-10-24 09:00:12,628 +0000 [http-bio-8080-exec-12] DEBUG (DAOHelper.java:38) - Összes felhasználó lekérdezése megtörtént
2018-10-24 09:00:12,628 +0000 [http-bio-8080-exec-12] DEBUG (UsersViewModel.java:31) - Adatbázisból az adatok betöltõdtek.
2018-10-24 09:00:21,196 +0000 [http-bio-8080-exec-12] DEBUG (DashboardViewModel.java:70) - Tartalom oldal megváltozott.
2018-10-24 09:00:21,200 +0000 [http-bio-8080-exec-12] DEBUG (DAOHelper.java:66) - Összes ügyfél lekérdezése megtörtént
2018-10-24 09:00:21,200 +0000 [http-bio-8080-exec-12] DEBUG (CustomersViewModel.java:27) - Ügyfél lista betöltve.
2018-10-24 09:00:33,230 +0000 [http-bio-8080-exec-12] DEBUG (DashboardViewModel.java:70) - Tartalom oldal megváltozott.
2018-10-24 09:00:33,234 +0000 [http-bio-8080-exec-12] DEBUG (DAOHelper.java:211) - Összes jogosultság lekérdezése megtörtént
2018-10-24 09:00:33,236 +0000 [http-bio-8080-exec-12] DEBUG (DAOHelper.java:38) - Összes felhasználó lekérdezése megtörtént
2018-10-24 09:00:33,236 +0000 [http-bio-8080-exec-12] DEBUG (UsersViewModel.java:31) - Adatbázisból az adatok betöltõdtek.
2018-10-24 09:00:34,908 +0000 [http-bio-8080-exec-12] DEBUG (UsersViewModel.java:69) - Dialógusablak megváltozott.
2018-10-24 09:00:37,538 +0000 [http-bio-8080-exec-12] DEBUG (UsersViewModel.java:69) - Dialógusablak megváltozott.
2018-10-24 09:00:39,451 +0000 [http-bio-8080-exec-12] DEBUG (DashboardViewModel.java:70) - Tartalom oldal megváltozott.
2018-10-24 09:00:40,973 +0000 [http-bio-8080-exec-12] DEBUG (DashboardViewModel.java:70) - Tartalom oldal megváltozott.
2018-10-24 09:00:40,977 +0000 [http-bio-8080-exec-12] DEBUG (DAOHelper.java:66) - Összes ügyfél lekérdezése megtörtént
2018-10-24 09:00:40,977 +0000 [http-bio-8080-exec-12] DEBUG (CustomersViewModel.java:27) - Ügyfél lista betöltve.
2018-10-24 09:00:44,037 +0000 [http-bio-8080-exec-12] DEBUG (DashboardViewModel.java:70) - Tartalom oldal megváltozott.
2018-10-24 09:00:44,040 +0000 [http-bio-8080-exec-12] DEBUG (DAOHelper.java:211) - Összes jogosultság lekérdezése megtörtént
2018-10-24 09:00:44,042 +0000 [http-bio-8080-exec-12] DEBUG (DAOHelper.java:38) - Összes felhasználó lekérdezése megtörtént
2018-10-24 09:00:44,043 +0000 [http-bio-8080-exec-12] DEBUG (UsersViewModel.java:31) - Adatbázisból az adatok betöltõdtek.
2018-10-24 09:00:45,501 +0000 [http-bio-8080-exec-12] DEBUG (UsersViewModel.java:69) - Dialógusablak megváltozott.
2018-10-24 09:00:50,501 +0000 [http-bio-8080-exec-12] DEBUG (UsersViewModel.java:69) - Dialógusablak megváltozott.
2018-10-24 09:00:55,053 +0000 [http-bio-8080-exec-12] DEBUG (DashboardViewModel.java:85) - A kiválasztott ügyfél adatai betöltõdtek.
2018-10-24 09:00:55,066 +0000 [http-bio-8080-exec-12] DEBUG (ProjectsViewModel.java:66) - Sikeres ügyfél beállítás
2018-10-24 09:00:55,090 +0000 [http-bio-8080-exec-12] DEBUG (DAOHelper.java:74) - Összes projekt lekérdezése megtörtént
2018-10-24 09:01:04,468 +0000 [http-bio-8080-exec-12] DEBUG (ProjectsViewModel.java:290) - Dialógus ablak megváltozott.
2018-10-24 09:01:06,051 +0000 [http-bio-8080-exec-12] DEBUG (ProjectsViewModel.java:290) - Dialógus ablak megváltozott.
2018-10-24 09:01:19,052 +0000 [http-bio-8080-exec-12] DEBUG (DashboardViewModel.java:70) - Tartalom oldal megváltozott.
2018-10-24 09:01:19,055 +0000 [http-bio-8080-exec-12] DEBUG (DAOHelper.java:211) - Összes jogosultság lekérdezése megtörtént
2018-10-24 09:01:19,058 +0000 [http-bio-8080-exec-12] DEBUG (DAOHelper.java:38) - Összes felhasználó lekérdezése megtörtént
2018-10-24 09:01:19,058 +0000 [http-bio-8080-exec-12] DEBUG (UsersViewModel.java:31) - Adatbázisból az adatok betöltõdtek.
2018-10-24 09:01:25,427 +0000 [http-bio-8080-exec-4] DEBUG (UsersViewModel.java:69) - Dialógusablak megváltozott.
2018-10-24 09:01:34,172 +0000 [http-bio-8080-exec-12] DEBUG (UsersViewModel.java:69) - Dialógusablak megváltozott.
2018-10-24 09:01:36,275 +0000 [http-bio-8080-exec-12] DEBUG (UsersViewModel.java:69) - Dialógusablak megváltozott.
2018-10-24 09:01:37,568 +0000 [http-bio-8080-exec-12] DEBUG (UsersViewModel.java:69) - Dialógusablak megváltozott.
2018-10-24 09:01:47,602 +0000 [http-bio-8080-exec-12] DEBUG (UsersViewModel.java:69) - Dialógusablak megváltozott.
2018-10-24 09:01:49,519 +0000 [http-bio-8080-exec-16] DEBUG (UsersViewModel.java:69) - Dialógusablak megváltozott.
2018-10-24 09:01:55,115 +0000 [http-bio-8080-exec-16] DEBUG (UsersViewModel.java:69) - Dialógusablak megváltozott.
2018-10-24 09:01:56,999 +0000 [http-bio-8080-exec-16] DEBUG (UsersViewModel.java:69) - Dialógusablak megváltozott.
2018-10-24 09:01:59,201 +0000 [http-bio-8080-exec-12] DEBUG (UsersViewModel.java:69) - Dialógusablak megváltozott.
2018-10-24 09:02:01,099 +0000 [http-bio-8080-exec-12] DEBUG (UsersViewModel.java:69) - Dialógusablak megváltozott.
2018-10-24 09:02:24,250 +0000 [http-bio-8080-exec-12] DEBUG (UsersViewModel.java:69) - Dialógusablak megváltozott.
2018-10-24 09:02:29,473 +0000 [http-bio-8080-exec-12] DEBUG (UsersViewModel.java:69) - Dialógusablak megváltozott.
